<?xml version="1.0" encoding="UTF-8"?>
<testsuite xmlns:xsi="http://www.w3.org/2001/XMLSchema-instance" xsi:noNamespaceSchemaLocation="https://maven.apache.org/surefire/maven-surefire-plugin/xsd/surefire-test-report.xsd" name="TestSuite" time="162.821" tests="12" errors="0" skipped="1" failures="6">
  <properties>
    <property name="sun.desktop" value="windows"/>
    <property name="awt.toolkit" value="sun.awt.windows.WToolkit"/>
    <property name="java.specification.version" value="11"/>
    <property name="sun.cpu.isalist" value="amd64"/>
    <property name="sun.jnu.encoding" value="Cp1252"/>
    <property name="java.class.path" value="C:\Users\pratik.hood\eclipse-workspace\PurdyTestAutomation\target\test-classes;C:\Users\pratik.hood\eclipse-workspace\PurdyTestAutomation\target\classes;C:\Users\pratik.hood\.m2\repository\org\testng\testng\7.4.0\testng-7.4.0.jar;C:\Users\pratik.hood\.m2\repository\com\beust\jcommander\1.78\jcommander-1.78.jar;C:\Users\pratik.hood\.m2\repository\org\webjars\jquery\3.5.1\jquery-3.5.1.jar;C:\Users\pratik.hood\.m2\repository\org\seleniumhq\selenium\selenium-java\4.6.0\selenium-java-4.6.0.jar;C:\Users\pratik.hood\.m2\repository\org\seleniumhq\selenium\selenium-api\4.6.0\selenium-api-4.6.0.jar;C:\Users\pratik.hood\.m2\repository\org\seleniumhq\selenium\selenium-chrome-driver\4.6.0\selenium-chrome-driver-4.6.0.jar;C:\Users\pratik.hood\.m2\repository\com\google\auto\service\auto-service-annotations\1.0.1\auto-service-annotations-1.0.1.jar;C:\Users\pratik.hood\.m2\repository\com\google\auto\service\auto-service\1.0.1\auto-service-1.0.1.jar;C:\Users\pratik.hood\.m2\repository\com\google\auto\auto-common\1.2\auto-common-1.2.jar;C:\Users\pratik.hood\.m2\repository\org\seleniumhq\selenium\selenium-chromium-driver\4.6.0\selenium-chromium-driver-4.6.0.jar;C:\Users\pratik.hood\.m2\repository\org\seleniumhq\selenium\selenium-json\4.6.0\selenium-json-4.6.0.jar;C:\Users\pratik.hood\.m2\repository\org\seleniumhq\selenium\selenium-devtools-v105\4.6.0\selenium-devtools-v105-4.6.0.jar;C:\Users\pratik.hood\.m2\repository\org\seleniumhq\selenium\selenium-devtools-v106\4.6.0\selenium-devtools-v106-4.6.0.jar;C:\Users\pratik.hood\.m2\repository\org\seleniumhq\selenium\selenium-devtools-v107\4.6.0\selenium-devtools-v107-4.6.0.jar;C:\Users\pratik.hood\.m2\repository\org\seleniumhq\selenium\selenium-devtools-v85\4.6.0\selenium-devtools-v85-4.6.0.jar;C:\Users\pratik.hood\.m2\repository\org\seleniumhq\selenium\selenium-edge-driver\4.6.0\selenium-edge-driver-4.6.0.jar;C:\Users\pratik.hood\.m2\repository\org\seleniumhq\selenium\selenium-firefox-driver\4.6.0\selenium-firefox-driver-4.6.0.jar;C:\Users\pratik.hood\.m2\repository\org\seleniumhq\selenium\selenium-ie-driver\4.6.0\selenium-ie-driver-4.6.0.jar;C:\Users\pratik.hood\.m2\repository\org\seleniumhq\selenium\selenium-remote-driver\4.6.0\selenium-remote-driver-4.6.0.jar;C:\Users\pratik.hood\.m2\repository\io\netty\netty-buffer\4.1.84.Final\netty-buffer-4.1.84.Final.jar;C:\Users\pratik.hood\.m2\repository\io\netty\netty-codec-http\4.1.84.Final\netty-codec-http-4.1.84.Final.jar;C:\Users\pratik.hood\.m2\repository\io\netty\netty-codec\4.1.84.Final\netty-codec-4.1.84.Final.jar;C:\Users\pratik.hood\.m2\repository\io\netty\netty-handler\4.1.84.Final\netty-handler-4.1.84.Final.jar;C:\Users\pratik.hood\.m2\repository\io\netty\netty-common\4.1.84.Final\netty-common-4.1.84.Final.jar;C:\Users\pratik.hood\.m2\repository\io\netty\netty-transport-classes-epoll\4.1.84.Final\netty-transport-classes-epoll-4.1.84.Final.jar;C:\Users\pratik.hood\.m2\repository\io\netty\netty-transport-classes-kqueue\4.1.84.Final\netty-transport-classes-kqueue-4.1.84.Final.jar;C:\Users\pratik.hood\.m2\repository\io\netty\netty-transport-native-epoll\4.1.84.Final\netty-transport-native-epoll-4.1.84.Final.jar;C:\Users\pratik.hood\.m2\repository\io\netty\netty-transport-native-kqueue\4.1.84.Final\netty-transport-native-kqueue-4.1.84.Final.jar;C:\Users\pratik.hood\.m2\repository\io\netty\netty-transport-native-unix-common\4.1.84.Final\netty-transport-native-unix-common-4.1.84.Final.jar;C:\Users\pratik.hood\.m2\repository\io\netty\netty-transport\4.1.84.Final\netty-transport-4.1.84.Final.jar;C:\Users\pratik.hood\.m2\repository\io\netty\netty-resolver\4.1.84.Final\netty-resolver-4.1.84.Final.jar;C:\Users\pratik.hood\.m2\repository\io\opentelemetry\opentelemetry-api\1.19.0\opentelemetry-api-1.19.0.jar;C:\Users\pratik.hood\.m2\repository\io\opentelemetry\opentelemetry-context\1.19.0\opentelemetry-context-1.19.0.jar;C:\Users\pratik.hood\.m2\repository\io\opentelemetry\opentelemetry-exporter-logging\1.19.0\opentelemetry-exporter-logging-1.19.0.jar;C:\Users\pratik.hood\.m2\repository\io\opentelemetry\opentelemetry-sdk-metrics\1.19.0\opentelemetry-sdk-metrics-1.19.0.jar;C:\Users\pratik.hood\.m2\repository\io\opentelemetry\opentelemetry-sdk-logs\1.19.0-alpha\opentelemetry-sdk-logs-1.19.0-alpha.jar;C:\Users\pratik.hood\.m2\repository\io\opentelemetry\opentelemetry-api-logs\1.19.0-alpha\opentelemetry-api-logs-1.19.0-alpha.jar;C:\Users\pratik.hood\.m2\repository\io\opentelemetry\opentelemetry-sdk-common\1.19.0\opentelemetry-sdk-common-1.19.0.jar;C:\Users\pratik.hood\.m2\repository\io\opentelemetry\opentelemetry-sdk-extension-autoconfigure-spi\1.19.0\opentelemetry-sdk-extension-autoconfigure-spi-1.19.0.jar;C:\Users\pratik.hood\.m2\repository\io\opentelemetry\opentelemetry-sdk-extension-autoconfigure\1.19.0-alpha\opentelemetry-sdk-extension-autoconfigure-1.19.0-alpha.jar;C:\Users\pratik.hood\.m2\repository\io\opentelemetry\opentelemetry-exporter-common\1.19.0\opentelemetry-exporter-common-1.19.0.jar;C:\Users\pratik.hood\.m2\repository\io\opentelemetry\opentelemetry-sdk-trace\1.19.0\opentelemetry-sdk-trace-1.19.0.jar;C:\Users\pratik.hood\.m2\repository\io\opentelemetry\opentelemetry-sdk\1.19.0\opentelemetry-sdk-1.19.0.jar;C:\Users\pratik.hood\.m2\repository\io\opentelemetry\opentelemetry-semconv\1.19.0-alpha\opentelemetry-semconv-1.19.0-alpha.jar;C:\Users\pratik.hood\.m2\repository\io\ous\jtoml\2.0.0\jtoml-2.0.0.jar;C:\Users\pratik.hood\.m2\repository\net\bytebuddy\byte-buddy\1.12.18\byte-buddy-1.12.18.jar;C:\Users\pratik.hood\.m2\repository\org\apache\commons\commons-exec\1.3\commons-exec-1.3.jar;C:\Users\pratik.hood\.m2\repository\org\asynchttpclient\async-http-client\2.12.3\async-http-client-2.12.3.jar;C:\Users\pratik.hood\.m2\repository\org\asynchttpclient\async-http-client-netty-utils\2.12.3\async-http-client-netty-utils-2.12.3.jar;C:\Users\pratik.hood\.m2\repository\io\netty\netty-codec-socks\4.1.60.Final\netty-codec-socks-4.1.60.Final.jar;C:\Users\pratik.hood\.m2\repository\io\netty\netty-handler-proxy\4.1.60.Final\netty-handler-proxy-4.1.60.Final.jar;C:\Users\pratik.hood\.m2\repository\io\netty\netty-transport-native-epoll\4.1.60.Final\netty-transport-native-epoll-4.1.60.Final-linux-x86_64.jar;C:\Users\pratik.hood\.m2\repository\io\netty\netty-transport-native-kqueue\4.1.60.Final\netty-transport-native-kqueue-4.1.60.Final-osx-x86_64.jar;C:\Users\pratik.hood\.m2\repository\org\reactivestreams\reactive-streams\1.0.3\reactive-streams-1.0.3.jar;C:\Users\pratik.hood\.m2\repository\com\typesafe\netty\netty-reactive-streams\2.0.4\netty-reactive-streams-2.0.4.jar;C:\Users\pratik.hood\.m2\repository\com\sun\activation\jakarta.activation\1.2.2\jakarta.activation-1.2.2.jar;C:\Users\pratik.hood\.m2\repository\org\seleniumhq\selenium\selenium-http\4.6.0\selenium-http-4.6.0.jar;C:\Users\pratik.hood\.m2\repository\dev\failsafe\failsafe\3.3.0\failsafe-3.3.0.jar;C:\Users\pratik.hood\.m2\repository\org\seleniumhq\selenium\selenium-manager\4.6.0\selenium-manager-4.6.0.jar;C:\Users\pratik.hood\.m2\repository\org\seleniumhq\selenium\selenium-safari-driver\4.6.0\selenium-safari-driver-4.6.0.jar;C:\Users\pratik.hood\.m2\repository\org\seleniumhq\selenium\selenium-support\4.6.0\selenium-support-4.6.0.jar;C:\Users\pratik.hood\.m2\repository\com\browserstack\browserstack-java-sdk\1.12.4\browserstack-java-sdk-1.12.4.jar;C:\Users\pratik.hood\.m2\repository\commons-configuration\commons-configuration\1.9\commons-configuration-1.9.jar;C:\Users\pratik.hood\.m2\repository\commons-logging\commons-logging\1.1.1\commons-logging-1.1.1.jar;C:\Users\pratik.hood\.m2\repository\com\aventstack\extentreports\3.0.0\extentreports-3.0.0.jar;C:\Users\pratik.hood\.m2\repository\org\mongodb\mongodb-driver\3.3.0\mongodb-driver-3.3.0.jar;C:\Users\pratik.hood\.m2\repository\org\mongodb\bson\3.3.0\bson-3.3.0.jar;C:\Users\pratik.hood\.m2\repository\org\mongodb\mongodb-driver-core\3.3.0\mongodb-driver-core-3.3.0.jar;C:\Users\pratik.hood\.m2\repository\org\apache\httpcomponents\httpmime\4.5.2\httpmime-4.5.2.jar;C:\Users\pratik.hood\.m2\repository\org\freemarker\freemarker\2.3.32\freemarker-2.3.32.jar;C:\Users\pratik.hood\.m2\repository\org\apache\httpcomponents\httpclient\4.5.14\httpclient-4.5.14.jar;C:\Users\pratik.hood\.m2\repository\org\apache\httpcomponents\httpcore\4.4.16\httpcore-4.4.16.jar;C:\Users\pratik.hood\.m2\repository\commons-codec\commons-codec\1.11\commons-codec-1.11.jar;C:\Users\pratik.hood\.m2\repository\org\apache\httpcomponents\fluent-hc\4.5.14\fluent-hc-4.5.14.jar;C:\Users\pratik.hood\.m2\repository\org\eclipse\jetty\jetty-util\12.0.2\jetty-util-12.0.2.jar;C:\Users\pratik.hood\.m2\repository\org\slf4j\slf4j-api\2.0.9\slf4j-api-2.0.9.jar;C:\Users\pratik.hood\.m2\repository\org\apache\poi\poi\3.15\poi-3.15.jar;C:\Users\pratik.hood\.m2\repository\org\apache\commons\commons-collections4\4.1\commons-collections4-4.1.jar;C:\Users\pratik.hood\.m2\repository\org\apache\poi\poi-ooxml\3.15\poi-ooxml-3.15.jar;C:\Users\pratik.hood\.m2\repository\org\apache\poi\poi-ooxml-schemas\3.15\poi-ooxml-schemas-3.15.jar;C:\Users\pratik.hood\.m2\repository\org\apache\xmlbeans\xmlbeans\2.6.0\xmlbeans-2.6.0.jar;C:\Users\pratik.hood\.m2\repository\stax\stax-api\1.0.1\stax-api-1.0.1.jar;C:\Users\pratik.hood\.m2\repository\com\github\virtuald\curvesapi\1.04\curvesapi-1.04.jar;C:\Users\pratik.hood\.m2\repository\commons-io\commons-io\2.14.0\commons-io-2.14.0.jar;C:\Users\pratik.hood\.m2\repository\commons-lang\commons-lang\2.6\commons-lang-2.6.jar;C:\Users\pratik.hood\.m2\repository\javax\persistence\persistence-api\1.0.2\persistence-api-1.0.2.jar;C:\Users\pratik.hood\.m2\repository\commons-net\commons-net\3.10.0\commons-net-3.10.0.jar;C:\Users\pratik.hood\.m2\repository\javax\xml\soap\javax.xml.soap-api\1.4.0\javax.xml.soap-api-1.4.0.jar;C:\Users\pratik.hood\.m2\repository\io\rest-assured\rest-assured\5.3.2\rest-assured-5.3.2.jar;C:\Users\pratik.hood\.m2\repository\org\apache\groovy\groovy\4.0.11\groovy-4.0.11.jar;C:\Users\pratik.hood\.m2\repository\org\apache\groovy\groovy-xml\4.0.11\groovy-xml-4.0.11.jar;C:\Users\pratik.hood\.m2\repository\org\hamcrest\hamcrest\2.2\hamcrest-2.2.jar;C:\Users\pratik.hood\.m2\repository\org\ccil\cowan\tagsoup\tagsoup\1.2.1\tagsoup-1.2.1.jar;C:\Users\pratik.hood\.m2\repository\io\rest-assured\json-path\5.3.2\json-path-5.3.2.jar;C:\Users\pratik.hood\.m2\repository\io\rest-assured\rest-assured-common\5.3.2\rest-assured-common-5.3.2.jar;C:\Users\pratik.hood\.m2\repository\io\rest-assured\xml-path\5.3.2\xml-path-5.3.2.jar;C:\Users\pratik.hood\.m2\repository\org\apache\commons\commons-lang3\3.11\commons-lang3-3.11.jar;C:\Users\pratik.hood\.m2\repository\org\apache\groovy\groovy-ant\4.0.11\groovy-ant-4.0.11.jar;C:\Users\pratik.hood\.m2\repository\org\apache\ant\ant\1.10.13\ant-1.10.13.jar;C:\Users\pratik.hood\.m2\repository\org\apache\ant\ant-junit\1.10.13\ant-junit-1.10.13.jar;C:\Users\pratik.hood\.m2\repository\org\apache\ant\ant-launcher\1.10.13\ant-launcher-1.10.13.jar;C:\Users\pratik.hood\.m2\repository\org\apache\ant\ant-antlr\1.10.13\ant-antlr-1.10.13.jar;C:\Users\pratik.hood\.m2\repository\org\apache\groovy\groovy-cli-picocli\4.0.11\groovy-cli-picocli-4.0.11.jar;C:\Users\pratik.hood\.m2\repository\info\picocli\picocli\4.7.1\picocli-4.7.1.jar;C:\Users\pratik.hood\.m2\repository\org\apache\groovy\groovy-console\4.0.11\groovy-console-4.0.11.jar;C:\Users\pratik.hood\.m2\repository\com\github\javaparser\javaparser-core\3.25.1\javaparser-core-3.25.1.jar;C:\Users\pratik.hood\.m2\repository\org\ow2\asm\asm-util\9.5\asm-util-9.5.jar;C:\Users\pratik.hood\.m2\repository\org\ow2\asm\asm\9.5\asm-9.5.jar;C:\Users\pratik.hood\.m2\repository\org\ow2\asm\asm-tree\9.5\asm-tree-9.5.jar;C:\Users\pratik.hood\.m2\repository\org\ow2\asm\asm-analysis\9.5\asm-analysis-9.5.jar;C:\Users\pratik.hood\.m2\repository\org\abego\treelayout\org.abego.treelayout.core\1.0.3\org.abego.treelayout.core-1.0.3.jar;C:\Users\pratik.hood\.m2\repository\org\apache\ivy\ivy\2.5.1\ivy-2.5.1.jar;C:\Users\pratik.hood\.m2\repository\org\apache\groovy\groovy-datetime\4.0.11\groovy-datetime-4.0.11.jar;C:\Users\pratik.hood\.m2\repository\org\apache\groovy\groovy-docgenerator\4.0.11\groovy-docgenerator-4.0.11.jar;C:\Users\pratik.hood\.m2\repository\com\thoughtworks\qdox\qdox\1.12.1\qdox-1.12.1.jar;C:\Users\pratik.hood\.m2\repository\org\apache\groovy\groovy-groovydoc\4.0.11\groovy-groovydoc-4.0.11.jar;C:\Users\pratik.hood\.m2\repository\org\apache\groovy\groovy-groovysh\4.0.11\groovy-groovysh-4.0.11.jar;C:\Users\pratik.hood\.m2\repository\jline\jline\2.14.6\jline-2.14.6.jar;C:\Users\pratik.hood\.m2\repository\org\apache\groovy\groovy-jmx\4.0.11\groovy-jmx-4.0.11.jar;C:\Users\pratik.hood\.m2\repository\org\apache\groovy\groovy-json\4.0.11\groovy-json-4.0.11.jar;C:\Users\pratik.hood\.m2\repository\org\apache\groovy\groovy-jsr223\4.0.11\groovy-jsr223-4.0.11.jar;C:\Users\pratik.hood\.m2\repository\org\apache\groovy\groovy-macro\4.0.11\groovy-macro-4.0.11.jar;C:\Users\pratik.hood\.m2\repository\org\apache\groovy\groovy-nio\4.0.11\groovy-nio-4.0.11.jar;C:\Users\pratik.hood\.m2\repository\org\apache\groovy\groovy-servlet\4.0.11\groovy-servlet-4.0.11.jar;C:\Users\pratik.hood\.m2\repository\org\apache\groovy\groovy-sql\4.0.11\groovy-sql-4.0.11.jar;C:\Users\pratik.hood\.m2\repository\org\apache\groovy\groovy-swing\4.0.11\groovy-swing-4.0.11.jar;C:\Users\pratik.hood\.m2\repository\org\apache\groovy\groovy-templates\4.0.11\groovy-templates-4.0.11.jar;C:\Users\pratik.hood\.m2\repository\org\apache\groovy\groovy-test\4.0.11\groovy-test-4.0.11.jar;C:\Users\pratik.hood\.m2\repository\junit\junit\4.13.2\junit-4.13.2.jar;C:\Users\pratik.hood\.m2\repository\org\hamcrest\hamcrest-core\1.3\hamcrest-core-1.3.jar;C:\Users\pratik.hood\.m2\repository\org\apache\groovy\groovy-test-junit5\4.0.11\groovy-test-junit5-4.0.11.jar;C:\Users\pratik.hood\.m2\repository\org\junit\jupiter\junit-jupiter-api\5.9.2\junit-jupiter-api-5.9.2.jar;C:\Users\pratik.hood\.m2\repository\org\opentest4j\opentest4j\1.2.0\opentest4j-1.2.0.jar;C:\Users\pratik.hood\.m2\repository\org\junit\platform\junit-platform-launcher\1.9.2\junit-platform-launcher-1.9.2.jar;C:\Users\pratik.hood\.m2\repository\org\junit\platform\junit-platform-engine\1.9.2\junit-platform-engine-1.9.2.jar;C:\Users\pratik.hood\.m2\repository\org\junit\platform\junit-platform-commons\1.9.2\junit-platform-commons-1.9.2.jar;C:\Users\pratik.hood\.m2\repository\org\junit\jupiter\junit-jupiter-engine\5.9.2\junit-jupiter-engine-5.9.2.jar;C:\Users\pratik.hood\.m2\repository\org\apache\groovy\groovy-yaml\4.0.11\groovy-yaml-4.0.11.jar;C:\Users\pratik.hood\.m2\repository\com\fasterxml\jackson\dataformat\jackson-dataformat-yaml\2.14.2\jackson-dataformat-yaml-2.14.2.jar;C:\Users\pratik.hood\.m2\repository\org\yaml\snakeyaml\1.33\snakeyaml-1.33.jar;C:\Users\pratik.hood\.m2\repository\com\fasterxml\jackson\core\jackson-core\2.14.2\jackson-core-2.14.2.jar;C:\Users\pratik.hood\.m2\repository\com\fasterxml\jackson\core\jackson-databind\2.14.2\jackson-databind-2.14.2.jar;C:\Users\pratik.hood\.m2\repository\com\fasterxml\jackson\core\jackson-annotations\2.14.2\jackson-annotations-2.14.2.jar;C:\Users\pratik.hood\.m2\repository\com\konghq\unirest-java\3.14.5\unirest-java-3.14.5.jar;C:\Users\pratik.hood\.m2\repository\org\apache\httpcomponents\httpcore-nio\4.4.13\httpcore-nio-4.4.13.jar;C:\Users\pratik.hood\.m2\repository\org\apache\httpcomponents\httpasyncclient\4.1.5\httpasyncclient-4.1.5.jar;C:\Users\pratik.hood\.m2\repository\com\itextpdf\itextpdf\5.5.13.3\itextpdf-5.5.13.3.jar;C:\Users\pratik.hood\.m2\repository\com\google\guava\guava\32.1.2-jre\guava-32.1.2-jre.jar;C:\Users\pratik.hood\.m2\repository\com\google\guava\failureaccess\1.0.1\failureaccess-1.0.1.jar;C:\Users\pratik.hood\.m2\repository\com\google\guava\listenablefuture\9999.0-empty-to-avoid-conflict-with-guava\listenablefuture-9999.0-empty-to-avoid-conflict-with-guava.jar;C:\Users\pratik.hood\.m2\repository\com\google\code\findbugs\jsr305\3.0.2\jsr305-3.0.2.jar;C:\Users\pratik.hood\.m2\repository\org\checkerframework\checker-qual\3.33.0\checker-qual-3.33.0.jar;C:\Users\pratik.hood\.m2\repository\com\google\errorprone\error_prone_annotations\2.18.0\error_prone_annotations-2.18.0.jar;C:\Users\pratik.hood\.m2\repository\com\google\j2objc\j2objc-annotations\2.8\j2objc-annotations-2.8.jar;C:\Users\pratik.hood\.m2\repository\com\squareup\okhttp3\okhttp\3.0.0\okhttp-3.0.0.jar;C:\Users\pratik.hood\.m2\repository\com\squareup\okio\okio\1.6.0\okio-1.6.0.jar;C:\Users\pratik.hood\.m2\repository\javax\mail\mail\1.4.7\mail-1.4.7.jar;C:\Users\pratik.hood\.m2\repository\javax\activation\activation\1.1\activation-1.1.jar;C:\Users\pratik.hood\.m2\repository\net\lingala\zip4j\zip4j\1.3.2\zip4j-1.3.2.jar;C:\Users\pratik.hood\.m2\repository\com\google\code\gson\gson\2.10.1\gson-2.10.1.jar;C:\Users\pratik.hood\.m2\repository\org\hamcrest\hamcrest-all\1.3\hamcrest-all-1.3.jar;"/>
    <property name="java.vm.vendor" value="Oracle Corporation"/>
    <property name="cucumber.execution.parallel.config.fixed.parallelism" value="1"/>
    <property name="sun.arch.data.model" value="64"/>
    <property name="OBSERVABILITY_BUILD_HASHED_ID" value="rwmz3pc99xywfzhc3bv7wcqweaqnlrgcndvcucjj"/>
    <property name="user.variant" value=""/>
    <property name="java.vendor.url" value="https://openjdk.java.net/"/>
    <property name="user.timezone" value="Asia/Calcutta"/>
    <property name="cucumber.execution.parallel.enabled" value="true"/>
    <property name="os.name" value="Windows 10"/>
    <property name="java.vm.specification.version" value="11"/>
    <property name="junit.jupiter.execution.parallel.config.fixed.max-pool-size" value="1"/>
    <property name="sun.java.launcher" value="SUN_STANDARD"/>
    <property name="user.country" value="IN"/>
    <property name="sun.boot.library.path" value="C:\Program Files\Java\jdk-11\bin"/>
    <property name="OBSERVABILITY_ALLOW_SCREENSHOTS" value="true"/>
    <property name="sun.java.command" value="C:\Users\PRATIK~1.HOO\AppData\Local\Temp\surefire14170243393705359601\surefirebooter3961430485309863094.jar C:\Users\pratik.hood\AppData\Local\Temp\surefire14170243393705359601 2023-12-18T00-55-06_505-jvmRun1 surefire13580353656881139832tmp surefire_012869487918695254526tmp"/>
    <property name="jdk.debug" value="release"/>
    <property name="surefire.test.class.path" value="C:\Users\pratik.hood\eclipse-workspace\PurdyTestAutomation\target\test-classes;C:\Users\pratik.hood\eclipse-workspace\PurdyTestAutomation\target\classes;C:\Users\pratik.hood\.m2\repository\org\testng\testng\7.4.0\testng-7.4.0.jar;C:\Users\pratik.hood\.m2\repository\com\beust\jcommander\1.78\jcommander-1.78.jar;C:\Users\pratik.hood\.m2\repository\org\webjars\jquery\3.5.1\jquery-3.5.1.jar;C:\Users\pratik.hood\.m2\repository\org\seleniumhq\selenium\selenium-java\4.6.0\selenium-java-4.6.0.jar;C:\Users\pratik.hood\.m2\repository\org\seleniumhq\selenium\selenium-api\4.6.0\selenium-api-4.6.0.jar;C:\Users\pratik.hood\.m2\repository\org\seleniumhq\selenium\selenium-chrome-driver\4.6.0\selenium-chrome-driver-4.6.0.jar;C:\Users\pratik.hood\.m2\repository\com\google\auto\service\auto-service-annotations\1.0.1\auto-service-annotations-1.0.1.jar;C:\Users\pratik.hood\.m2\repository\com\google\auto\service\auto-service\1.0.1\auto-service-1.0.1.jar;C:\Users\pratik.hood\.m2\repository\com\google\auto\auto-common\1.2\auto-common-1.2.jar;C:\Users\pratik.hood\.m2\repository\org\seleniumhq\selenium\selenium-chromium-driver\4.6.0\selenium-chromium-driver-4.6.0.jar;C:\Users\pratik.hood\.m2\repository\org\seleniumhq\selenium\selenium-json\4.6.0\selenium-json-4.6.0.jar;C:\Users\pratik.hood\.m2\repository\org\seleniumhq\selenium\selenium-devtools-v105\4.6.0\selenium-devtools-v105-4.6.0.jar;C:\Users\pratik.hood\.m2\repository\org\seleniumhq\selenium\selenium-devtools-v106\4.6.0\selenium-devtools-v106-4.6.0.jar;C:\Users\pratik.hood\.m2\repository\org\seleniumhq\selenium\selenium-devtools-v107\4.6.0\selenium-devtools-v107-4.6.0.jar;C:\Users\pratik.hood\.m2\repository\org\seleniumhq\selenium\selenium-devtools-v85\4.6.0\selenium-devtools-v85-4.6.0.jar;C:\Users\pratik.hood\.m2\repository\org\seleniumhq\selenium\selenium-edge-driver\4.6.0\selenium-edge-driver-4.6.0.jar;C:\Users\pratik.hood\.m2\repository\org\seleniumhq\selenium\selenium-firefox-driver\4.6.0\selenium-firefox-driver-4.6.0.jar;C:\Users\pratik.hood\.m2\repository\org\seleniumhq\selenium\selenium-ie-driver\4.6.0\selenium-ie-driver-4.6.0.jar;C:\Users\pratik.hood\.m2\repository\org\seleniumhq\selenium\selenium-remote-driver\4.6.0\selenium-remote-driver-4.6.0.jar;C:\Users\pratik.hood\.m2\repository\io\netty\netty-buffer\4.1.84.Final\netty-buffer-4.1.84.Final.jar;C:\Users\pratik.hood\.m2\repository\io\netty\netty-codec-http\4.1.84.Final\netty-codec-http-4.1.84.Final.jar;C:\Users\pratik.hood\.m2\repository\io\netty\netty-codec\4.1.84.Final\netty-codec-4.1.84.Final.jar;C:\Users\pratik.hood\.m2\repository\io\netty\netty-handler\4.1.84.Final\netty-handler-4.1.84.Final.jar;C:\Users\pratik.hood\.m2\repository\io\netty\netty-common\4.1.84.Final\netty-common-4.1.84.Final.jar;C:\Users\pratik.hood\.m2\repository\io\netty\netty-transport-classes-epoll\4.1.84.Final\netty-transport-classes-epoll-4.1.84.Final.jar;C:\Users\pratik.hood\.m2\repository\io\netty\netty-transport-classes-kqueue\4.1.84.Final\netty-transport-classes-kqueue-4.1.84.Final.jar;C:\Users\pratik.hood\.m2\repository\io\netty\netty-transport-native-epoll\4.1.84.Final\netty-transport-native-epoll-4.1.84.Final.jar;C:\Users\pratik.hood\.m2\repository\io\netty\netty-transport-native-kqueue\4.1.84.Final\netty-transport-native-kqueue-4.1.84.Final.jar;C:\Users\pratik.hood\.m2\repository\io\netty\netty-transport-native-unix-common\4.1.84.Final\netty-transport-native-unix-common-4.1.84.Final.jar;C:\Users\pratik.hood\.m2\repository\io\netty\netty-transport\4.1.84.Final\netty-transport-4.1.84.Final.jar;C:\Users\pratik.hood\.m2\repository\io\netty\netty-resolver\4.1.84.Final\netty-resolver-4.1.84.Final.jar;C:\Users\pratik.hood\.m2\repository\io\opentelemetry\opentelemetry-api\1.19.0\opentelemetry-api-1.19.0.jar;C:\Users\pratik.hood\.m2\repository\io\opentelemetry\opentelemetry-context\1.19.0\opentelemetry-context-1.19.0.jar;C:\Users\pratik.hood\.m2\repository\io\opentelemetry\opentelemetry-exporter-logging\1.19.0\opentelemetry-exporter-logging-1.19.0.jar;C:\Users\pratik.hood\.m2\repository\io\opentelemetry\opentelemetry-sdk-metrics\1.19.0\opentelemetry-sdk-metrics-1.19.0.jar;C:\Users\pratik.hood\.m2\repository\io\opentelemetry\opentelemetry-sdk-logs\1.19.0-alpha\opentelemetry-sdk-logs-1.19.0-alpha.jar;C:\Users\pratik.hood\.m2\repository\io\opentelemetry\opentelemetry-api-logs\1.19.0-alpha\opentelemetry-api-logs-1.19.0-alpha.jar;C:\Users\pratik.hood\.m2\repository\io\opentelemetry\opentelemetry-sdk-common\1.19.0\opentelemetry-sdk-common-1.19.0.jar;C:\Users\pratik.hood\.m2\repository\io\opentelemetry\opentelemetry-sdk-extension-autoconfigure-spi\1.19.0\opentelemetry-sdk-extension-autoconfigure-spi-1.19.0.jar;C:\Users\pratik.hood\.m2\repository\io\opentelemetry\opentelemetry-sdk-extension-autoconfigure\1.19.0-alpha\opentelemetry-sdk-extension-autoconfigure-1.19.0-alpha.jar;C:\Users\pratik.hood\.m2\repository\io\opentelemetry\opentelemetry-exporter-common\1.19.0\opentelemetry-exporter-common-1.19.0.jar;C:\Users\pratik.hood\.m2\repository\io\opentelemetry\opentelemetry-sdk-trace\1.19.0\opentelemetry-sdk-trace-1.19.0.jar;C:\Users\pratik.hood\.m2\repository\io\opentelemetry\opentelemetry-sdk\1.19.0\opentelemetry-sdk-1.19.0.jar;C:\Users\pratik.hood\.m2\repository\io\opentelemetry\opentelemetry-semconv\1.19.0-alpha\opentelemetry-semconv-1.19.0-alpha.jar;C:\Users\pratik.hood\.m2\repository\io\ous\jtoml\2.0.0\jtoml-2.0.0.jar;C:\Users\pratik.hood\.m2\repository\net\bytebuddy\byte-buddy\1.12.18\byte-buddy-1.12.18.jar;C:\Users\pratik.hood\.m2\repository\org\apache\commons\commons-exec\1.3\commons-exec-1.3.jar;C:\Users\pratik.hood\.m2\repository\org\asynchttpclient\async-http-client\2.12.3\async-http-client-2.12.3.jar;C:\Users\pratik.hood\.m2\repository\org\asynchttpclient\async-http-client-netty-utils\2.12.3\async-http-client-netty-utils-2.12.3.jar;C:\Users\pratik.hood\.m2\repository\io\netty\netty-codec-socks\4.1.60.Final\netty-codec-socks-4.1.60.Final.jar;C:\Users\pratik.hood\.m2\repository\io\netty\netty-handler-proxy\4.1.60.Final\netty-handler-proxy-4.1.60.Final.jar;C:\Users\pratik.hood\.m2\repository\io\netty\netty-transport-native-epoll\4.1.60.Final\netty-transport-native-epoll-4.1.60.Final-linux-x86_64.jar;C:\Users\pratik.hood\.m2\repository\io\netty\netty-transport-native-kqueue\4.1.60.Final\netty-transport-native-kqueue-4.1.60.Final-osx-x86_64.jar;C:\Users\pratik.hood\.m2\repository\org\reactivestreams\reactive-streams\1.0.3\reactive-streams-1.0.3.jar;C:\Users\pratik.hood\.m2\repository\com\typesafe\netty\netty-reactive-streams\2.0.4\netty-reactive-streams-2.0.4.jar;C:\Users\pratik.hood\.m2\repository\com\sun\activation\jakarta.activation\1.2.2\jakarta.activation-1.2.2.jar;C:\Users\pratik.hood\.m2\repository\org\seleniumhq\selenium\selenium-http\4.6.0\selenium-http-4.6.0.jar;C:\Users\pratik.hood\.m2\repository\dev\failsafe\failsafe\3.3.0\failsafe-3.3.0.jar;C:\Users\pratik.hood\.m2\repository\org\seleniumhq\selenium\selenium-manager\4.6.0\selenium-manager-4.6.0.jar;C:\Users\pratik.hood\.m2\repository\org\seleniumhq\selenium\selenium-safari-driver\4.6.0\selenium-safari-driver-4.6.0.jar;C:\Users\pratik.hood\.m2\repository\org\seleniumhq\selenium\selenium-support\4.6.0\selenium-support-4.6.0.jar;C:\Users\pratik.hood\.m2\repository\com\browserstack\browserstack-java-sdk\1.12.4\browserstack-java-sdk-1.12.4.jar;C:\Users\pratik.hood\.m2\repository\commons-configuration\commons-configuration\1.9\commons-configuration-1.9.jar;C:\Users\pratik.hood\.m2\repository\commons-logging\commons-logging\1.1.1\commons-logging-1.1.1.jar;C:\Users\pratik.hood\.m2\repository\com\aventstack\extentreports\3.0.0\extentreports-3.0.0.jar;C:\Users\pratik.hood\.m2\repository\org\mongodb\mongodb-driver\3.3.0\mongodb-driver-3.3.0.jar;C:\Users\pratik.hood\.m2\repository\org\mongodb\bson\3.3.0\bson-3.3.0.jar;C:\Users\pratik.hood\.m2\repository\org\mongodb\mongodb-driver-core\3.3.0\mongodb-driver-core-3.3.0.jar;C:\Users\pratik.hood\.m2\repository\org\apache\httpcomponents\httpmime\4.5.2\httpmime-4.5.2.jar;C:\Users\pratik.hood\.m2\repository\org\freemarker\freemarker\2.3.32\freemarker-2.3.32.jar;C:\Users\pratik.hood\.m2\repository\org\apache\httpcomponents\httpclient\4.5.14\httpclient-4.5.14.jar;C:\Users\pratik.hood\.m2\repository\org\apache\httpcomponents\httpcore\4.4.16\httpcore-4.4.16.jar;C:\Users\pratik.hood\.m2\repository\commons-codec\commons-codec\1.11\commons-codec-1.11.jar;C:\Users\pratik.hood\.m2\repository\org\apache\httpcomponents\fluent-hc\4.5.14\fluent-hc-4.5.14.jar;C:\Users\pratik.hood\.m2\repository\org\eclipse\jetty\jetty-util\12.0.2\jetty-util-12.0.2.jar;C:\Users\pratik.hood\.m2\repository\org\slf4j\slf4j-api\2.0.9\slf4j-api-2.0.9.jar;C:\Users\pratik.hood\.m2\repository\org\apache\poi\poi\3.15\poi-3.15.jar;C:\Users\pratik.hood\.m2\repository\org\apache\commons\commons-collections4\4.1\commons-collections4-4.1.jar;C:\Users\pratik.hood\.m2\repository\org\apache\poi\poi-ooxml\3.15\poi-ooxml-3.15.jar;C:\Users\pratik.hood\.m2\repository\org\apache\poi\poi-ooxml-schemas\3.15\poi-ooxml-schemas-3.15.jar;C:\Users\pratik.hood\.m2\repository\org\apache\xmlbeans\xmlbeans\2.6.0\xmlbeans-2.6.0.jar;C:\Users\pratik.hood\.m2\repository\stax\stax-api\1.0.1\stax-api-1.0.1.jar;C:\Users\pratik.hood\.m2\repository\com\github\virtuald\curvesapi\1.04\curvesapi-1.04.jar;C:\Users\pratik.hood\.m2\repository\commons-io\commons-io\2.14.0\commons-io-2.14.0.jar;C:\Users\pratik.hood\.m2\repository\commons-lang\commons-lang\2.6\commons-lang-2.6.jar;C:\Users\pratik.hood\.m2\repository\javax\persistence\persistence-api\1.0.2\persistence-api-1.0.2.jar;C:\Users\pratik.hood\.m2\repository\commons-net\commons-net\3.10.0\commons-net-3.10.0.jar;C:\Users\pratik.hood\.m2\repository\javax\xml\soap\javax.xml.soap-api\1.4.0\javax.xml.soap-api-1.4.0.jar;C:\Users\pratik.hood\.m2\repository\io\rest-assured\rest-assured\5.3.2\rest-assured-5.3.2.jar;C:\Users\pratik.hood\.m2\repository\org\apache\groovy\groovy\4.0.11\groovy-4.0.11.jar;C:\Users\pratik.hood\.m2\repository\org\apache\groovy\groovy-xml\4.0.11\groovy-xml-4.0.11.jar;C:\Users\pratik.hood\.m2\repository\org\hamcrest\hamcrest\2.2\hamcrest-2.2.jar;C:\Users\pratik.hood\.m2\repository\org\ccil\cowan\tagsoup\tagsoup\1.2.1\tagsoup-1.2.1.jar;C:\Users\pratik.hood\.m2\repository\io\rest-assured\json-path\5.3.2\json-path-5.3.2.jar;C:\Users\pratik.hood\.m2\repository\io\rest-assured\rest-assured-common\5.3.2\rest-assured-common-5.3.2.jar;C:\Users\pratik.hood\.m2\repository\io\rest-assured\xml-path\5.3.2\xml-path-5.3.2.jar;C:\Users\pratik.hood\.m2\repository\org\apache\commons\commons-lang3\3.11\commons-lang3-3.11.jar;C:\Users\pratik.hood\.m2\repository\org\apache\groovy\groovy-ant\4.0.11\groovy-ant-4.0.11.jar;C:\Users\pratik.hood\.m2\repository\org\apache\ant\ant\1.10.13\ant-1.10.13.jar;C:\Users\pratik.hood\.m2\repository\org\apache\ant\ant-junit\1.10.13\ant-junit-1.10.13.jar;C:\Users\pratik.hood\.m2\repository\org\apache\ant\ant-launcher\1.10.13\ant-launcher-1.10.13.jar;C:\Users\pratik.hood\.m2\repository\org\apache\ant\ant-antlr\1.10.13\ant-antlr-1.10.13.jar;C:\Users\pratik.hood\.m2\repository\org\apache\groovy\groovy-cli-picocli\4.0.11\groovy-cli-picocli-4.0.11.jar;C:\Users\pratik.hood\.m2\repository\info\picocli\picocli\4.7.1\picocli-4.7.1.jar;C:\Users\pratik.hood\.m2\repository\org\apache\groovy\groovy-console\4.0.11\groovy-console-4.0.11.jar;C:\Users\pratik.hood\.m2\repository\com\github\javaparser\javaparser-core\3.25.1\javaparser-core-3.25.1.jar;C:\Users\pratik.hood\.m2\repository\org\ow2\asm\asm-util\9.5\asm-util-9.5.jar;C:\Users\pratik.hood\.m2\repository\org\ow2\asm\asm\9.5\asm-9.5.jar;C:\Users\pratik.hood\.m2\repository\org\ow2\asm\asm-tree\9.5\asm-tree-9.5.jar;C:\Users\pratik.hood\.m2\repository\org\ow2\asm\asm-analysis\9.5\asm-analysis-9.5.jar;C:\Users\pratik.hood\.m2\repository\org\abego\treelayout\org.abego.treelayout.core\1.0.3\org.abego.treelayout.core-1.0.3.jar;C:\Users\pratik.hood\.m2\repository\org\apache\ivy\ivy\2.5.1\ivy-2.5.1.jar;C:\Users\pratik.hood\.m2\repository\org\apache\groovy\groovy-datetime\4.0.11\groovy-datetime-4.0.11.jar;C:\Users\pratik.hood\.m2\repository\org\apache\groovy\groovy-docgenerator\4.0.11\groovy-docgenerator-4.0.11.jar;C:\Users\pratik.hood\.m2\repository\com\thoughtworks\qdox\qdox\1.12.1\qdox-1.12.1.jar;C:\Users\pratik.hood\.m2\repository\org\apache\groovy\groovy-groovydoc\4.0.11\groovy-groovydoc-4.0.11.jar;C:\Users\pratik.hood\.m2\repository\org\apache\groovy\groovy-groovysh\4.0.11\groovy-groovysh-4.0.11.jar;C:\Users\pratik.hood\.m2\repository\jline\jline\2.14.6\jline-2.14.6.jar;C:\Users\pratik.hood\.m2\repository\org\apache\groovy\groovy-jmx\4.0.11\groovy-jmx-4.0.11.jar;C:\Users\pratik.hood\.m2\repository\org\apache\groovy\groovy-json\4.0.11\groovy-json-4.0.11.jar;C:\Users\pratik.hood\.m2\repository\org\apache\groovy\groovy-jsr223\4.0.11\groovy-jsr223-4.0.11.jar;C:\Users\pratik.hood\.m2\repository\org\apache\groovy\groovy-macro\4.0.11\groovy-macro-4.0.11.jar;C:\Users\pratik.hood\.m2\repository\org\apache\groovy\groovy-nio\4.0.11\groovy-nio-4.0.11.jar;C:\Users\pratik.hood\.m2\repository\org\apache\groovy\groovy-servlet\4.0.11\groovy-servlet-4.0.11.jar;C:\Users\pratik.hood\.m2\repository\org\apache\groovy\groovy-sql\4.0.11\groovy-sql-4.0.11.jar;C:\Users\pratik.hood\.m2\repository\org\apache\groovy\groovy-swing\4.0.11\groovy-swing-4.0.11.jar;C:\Users\pratik.hood\.m2\repository\org\apache\groovy\groovy-templates\4.0.11\groovy-templates-4.0.11.jar;C:\Users\pratik.hood\.m2\repository\org\apache\groovy\groovy-test\4.0.11\groovy-test-4.0.11.jar;C:\Users\pratik.hood\.m2\repository\junit\junit\4.13.2\junit-4.13.2.jar;C:\Users\pratik.hood\.m2\repository\org\hamcrest\hamcrest-core\1.3\hamcrest-core-1.3.jar;C:\Users\pratik.hood\.m2\repository\org\apache\groovy\groovy-test-junit5\4.0.11\groovy-test-junit5-4.0.11.jar;C:\Users\pratik.hood\.m2\repository\org\junit\jupiter\junit-jupiter-api\5.9.2\junit-jupiter-api-5.9.2.jar;C:\Users\pratik.hood\.m2\repository\org\opentest4j\opentest4j\1.2.0\opentest4j-1.2.0.jar;C:\Users\pratik.hood\.m2\repository\org\junit\platform\junit-platform-launcher\1.9.2\junit-platform-launcher-1.9.2.jar;C:\Users\pratik.hood\.m2\repository\org\junit\platform\junit-platform-engine\1.9.2\junit-platform-engine-1.9.2.jar;C:\Users\pratik.hood\.m2\repository\org\junit\platform\junit-platform-commons\1.9.2\junit-platform-commons-1.9.2.jar;C:\Users\pratik.hood\.m2\repository\org\junit\jupiter\junit-jupiter-engine\5.9.2\junit-jupiter-engine-5.9.2.jar;C:\Users\pratik.hood\.m2\repository\org\apache\groovy\groovy-yaml\4.0.11\groovy-yaml-4.0.11.jar;C:\Users\pratik.hood\.m2\repository\com\fasterxml\jackson\dataformat\jackson-dataformat-yaml\2.14.2\jackson-dataformat-yaml-2.14.2.jar;C:\Users\pratik.hood\.m2\repository\org\yaml\snakeyaml\1.33\snakeyaml-1.33.jar;C:\Users\pratik.hood\.m2\repository\com\fasterxml\jackson\core\jackson-core\2.14.2\jackson-core-2.14.2.jar;C:\Users\pratik.hood\.m2\repository\com\fasterxml\jackson\core\jackson-databind\2.14.2\jackson-databind-2.14.2.jar;C:\Users\pratik.hood\.m2\repository\com\fasterxml\jackson\core\jackson-annotations\2.14.2\jackson-annotations-2.14.2.jar;C:\Users\pratik.hood\.m2\repository\com\konghq\unirest-java\3.14.5\unirest-java-3.14.5.jar;C:\Users\pratik.hood\.m2\repository\org\apache\httpcomponents\httpcore-nio\4.4.13\httpcore-nio-4.4.13.jar;C:\Users\pratik.hood\.m2\repository\org\apache\httpcomponents\httpasyncclient\4.1.5\httpasyncclient-4.1.5.jar;C:\Users\pratik.hood\.m2\repository\com\itextpdf\itextpdf\5.5.13.3\itextpdf-5.5.13.3.jar;C:\Users\pratik.hood\.m2\repository\com\google\guava\guava\32.1.2-jre\guava-32.1.2-jre.jar;C:\Users\pratik.hood\.m2\repository\com\google\guava\failureaccess\1.0.1\failureaccess-1.0.1.jar;C:\Users\pratik.hood\.m2\repository\com\google\guava\listenablefuture\9999.0-empty-to-avoid-conflict-with-guava\listenablefuture-9999.0-empty-to-avoid-conflict-with-guava.jar;C:\Users\pratik.hood\.m2\repository\com\google\code\findbugs\jsr305\3.0.2\jsr305-3.0.2.jar;C:\Users\pratik.hood\.m2\repository\org\checkerframework\checker-qual\3.33.0\checker-qual-3.33.0.jar;C:\Users\pratik.hood\.m2\repository\com\google\errorprone\error_prone_annotations\2.18.0\error_prone_annotations-2.18.0.jar;C:\Users\pratik.hood\.m2\repository\com\google\j2objc\j2objc-annotations\2.8\j2objc-annotations-2.8.jar;C:\Users\pratik.hood\.m2\repository\com\squareup\okhttp3\okhttp\3.0.0\okhttp-3.0.0.jar;C:\Users\pratik.hood\.m2\repository\com\squareup\okio\okio\1.6.0\okio-1.6.0.jar;C:\Users\pratik.hood\.m2\repository\javax\mail\mail\1.4.7\mail-1.4.7.jar;C:\Users\pratik.hood\.m2\repository\javax\activation\activation\1.1\activation-1.1.jar;C:\Users\pratik.hood\.m2\repository\net\lingala\zip4j\zip4j\1.3.2\zip4j-1.3.2.jar;C:\Users\pratik.hood\.m2\repository\com\google\code\gson\gson\2.10.1\gson-2.10.1.jar;C:\Users\pratik.hood\.m2\repository\org\hamcrest\hamcrest-all\1.3\hamcrest-all-1.3.jar;"/>
    <property name="sun.cpu.endian" value="little"/>
    <property name="user.home" value="C:\Users\pratik.hood"/>
    <property name="user.language" value="en"/>
    <property name="java.specification.vendor" value="Oracle Corporation"/>
    <property name="java.version.date" value="2023-01-17"/>
    <property name="java.home" value="C:\Program Files\Java\jdk-11"/>
    <property name="junit.jupiter.execution.parallel.mode.default" value="same_thread"/>
    <property name="file.separator" value="\"/>
    <property name="style.color" value="always"/>
    <property name="basedir" value="C:\Users\pratik.hood\eclipse-workspace\PurdyTestAutomation"/>
    <property name="java.vm.compressedOopsMode" value="Zero based"/>
    <property name="line.separator" value="&#10;"/>
    <property name="java.specification.name" value="Java Platform API Specification"/>
    <property name="java.vm.specification.vendor" value="Oracle Corporation"/>
    <property name="java.awt.graphicsenv" value="sun.awt.Win32GraphicsEnvironment"/>
    <property name="surefire.real.class.path" value="C:\Users\PRATIK~1.HOO\AppData\Local\Temp\surefire14170243393705359601\surefirebooter3961430485309863094.jar"/>
    <property name="user.script" value=""/>
    <property name="sun.management.compiler" value="HotSpot 64-Bit Tiered Compilers"/>
    <property name="java.runtime.version" value="11.0.18+9-LTS-195"/>
    <property name="user.name" value="pratik.hood"/>
    <property name="path.separator" value=";"/>
    <property name="os.version" value="10.0"/>
    <property name="java.runtime.name" value="Java(TM) SE Runtime Environment"/>
    <property name="file.encoding" value="Cp1252"/>
    <property name="junit.jupiter.execution.parallel.mode.classes.default" value="concurrent"/>
    <property name="junit.jupiter.execution.parallel.config.strategy" value="fixed"/>
    <property name="java.vm.name" value="Java HotSpot(TM) 64-Bit Server VM"/>
    <property name="java.vendor.version" value="18.9"/>
    <property name="junit.jupiter.execution.parallel.enabled" value="true"/>
    <property name="localRepository" value="C:\Users\pratik.hood\.m2\repository"/>
    <property name="java.vendor.url.bug" value="https://bugreport.java.com/bugreport/"/>
    <property name="java.io.tmpdir" value="C:\Users\PRATIK~1.HOO\AppData\Local\Temp\"/>
    <property name="java.version" value="11.0.18"/>
    <property name="user.dir" value="C:\Users\pratik.hood\eclipse-workspace\PurdyTestAutomation"/>
    <property name="os.arch" value="amd64"/>
    <property name="java.vm.specification.name" value="Java Virtual Machine Specification"/>
    <property name="java.awt.printerjob" value="sun.awt.windows.WPrinterJob"/>
    <property name="OBSERVABILITY_JWT" value="eyJhbGciOiJIUzI1NiJ9.eyJpc3MiOiJicm93c2Vyc3RhY2tfb2IiLCJzdWIiOiI4MDkwNzE5IiwiZ3JvdXBfaWQiOjgwMDEzOTksInVzZXJfaWQiOjgwOTA3MTksImJ1aWxkX2hhc2hlZF9pZCI6InJ3bXozcGM5OXh5d2Z6aGMzYnY3d2Nxd2VhcW5scmdjbmR2Y3VjamoiLCJwcm9qZWN0X25hbWUiOiJCcm93c2VyU3RhY2sgU2FtcGxlIiwiaG9va19hc190ZXN0IjoiMSIsImlhdCI6MTcwMjg0MTExMywiZXhwIjoxNzAzMTg2NzEzfQ.FIoahoF0zBUasbRleYFkt6aWJEU7rmREVVHtEM3kegw"/>
    <property name="sun.os.patch.level" value=""/>
    <property name="java.library.path" value="C:\Program Files\Java\jdk-11\bin;C:\Windows\Sun\Java\bin;C:\Windows\system32;C:\Windows;C:/Users/pratik.hood/.p2/pool/plugins/org.eclipse.justj.openjdk.hotspot.jre.full.win32.x86_64_17.0.7.v20230425-1502/jre/bin/server;C:/Users/pratik.hood/.p2/pool/plugins/org.eclipse.justj.openjdk.hotspot.jre.full.win32.x86_64_17.0.7.v20230425-1502/jre/bin;C:\Windows\system32;C:\Windows;C:\Windows\System32\Wbem;C:\Windows\System32\WindowsPowerShell\v1.0\;C:\Windows\System32\OpenSSH\;C:\Program Files\PuTTY\;C:\Program Files\dotnet\;C:\Program Files\Microsoft VS Code\bin;C:\Program Files (x86)\Pulse Secure\VC142.CRT\X64\;C:\Program Files (x86)\Pulse Secure\VC142.CRT\X86\;C:\Program Files\Java\jdk-11\bin;C:\Program Files\Java\jdk-11;C:\Program Files\Git\cmd;C:\Program Files\TortoiseGit\bin;C:\Program Files (x86)\Common Files\Pulse Secure\TNC Client Plugin\;C:\Program Files\TortoiseSVN\bin;C:\Users\pratik.hood\AppData\Local\Microsoft\WindowsApps;;C:\Program Files\JetBrains\IntelliJ IDEA 2023.1.3\bin;;C:\Program Files\JetBrains\IntelliJ IDEA Community Edition 2023.2.1\bin;;C:\Users\pratik.hood\Desktop;;."/>
    <property name="junit.jupiter.execution.parallel.config.fixed.parallelism" value="1"/>
    <property name="java.vendor" value="Oracle Corporation"/>
    <property name="java.vm.info" value="mixed mode"/>
    <property name="java.vm.version" value="11.0.18+9-LTS-195"/>
    <property name="cucumber.execution.execution-mode.feature" value="same_thread"/>
    <property name="cucumber.execution.parallel.config.strategy" value="fixed"/>
    <property name="sun.io.unicode.encoding" value="UnicodeLittle"/>
    <property name="java.class.version" value="55.0"/>
  </properties>
  <testcase name="customerLogin" classname="com.perficient.testCases.Desktop.purdy.Verify_Login_Page_with_valid_credentials" time="19.777"/>
  <testcase name="customerLogin" classname="com.perficient.testCases.Desktop.purdy.Verify_Login_Page_with_valid_credentials" time="6.644"/>
  <testcase name="customerLogin" classname="com.perficient.testCases.Desktop.purdy.Verify_Login_Page_with_valid_credentials" time="17.625"/>
  <testcase name="redirectToLoginPage" classname="com.perficient.testCases.Desktop.purdy.Verify_Login_Page_with_valid_credentials" time="6.287"/>
  <testcase name="redirectToLoginPage" classname="com.perficient.testCases.Desktop.purdy.Verify_Login_Page_with_valid_credentials" time="3.461"/>
  <testcase name="redirectToLoginPage" classname="com.perficient.testCases.Desktop.purdy.Verify_Login_Page_with_valid_credentials" time="12.601">
    <failure message="The following asserts failed:&#10;	expected [] but found [Customer Login]" type="java.lang.AssertionError">java.lang.AssertionError: 
The following asserts failed:
	expected [] but found [Customer Login]
</failure>
    <system-out><![CDATA[Clicked on X and Y cordinate on the web page
isScrollable value is false
]]></system-out>
    <system-err><![CDATA[Dec 18, 2023 12:56:40 AM com.perficient.testCases.Desktop.purdy.Verify_Login_Page_with_valid_credentials afterMethod
INFO: customerLogin : pass
Dec 18, 2023 12:56:43 AM com.perficient.util.LogWebdriverEventListener onException
SEVERE: WebDriver error: Element not found By.xpath: //span[@id='header-myaccount-link']
Dec 18, 2023 12:56:45 AM com.perficient.util.LogWebdriverEventListener onException
SEVERE: WebDriver error: Element not found By.xpath: //span[@id='header-myaccount-link']
Dec 18, 2023 12:56:51 AM com.perficient.util.LogWebdriverEventListener onException
SEVERE: WebDriver error: Element not found By.xpath: //span[@id='header-myaccount-link']
Dec 18, 2023 12:56:52 AM com.perficient.util.LogWebdriverEventListener afterFindBy
INFO: WebDriver found By.xpath: //a[normalize-space()='Sign In']
Dec 18, 2023 12:56:52 AM com.perficient.util.LogWebdriverEventListener afterFindBy
INFO: WebDriver found By.xpath: //a[normalize-space()='Sign In']
Dec 18, 2023 12:56:52 AM com.perficient.util.LogWebdriverEventListener afterFindBy
INFO: WebDriver found By.xpath: //a[normalize-space()='Sign In']
Dec 18, 2023 12:56:52 AM com.perficient.util.LogWebdriverEventListener afterFindBy
INFO: WebDriver found By.xpath: //a[normalize-space()='Sign In']
Dec 18, 2023 12:56:52 AM com.perficient.util.LogWebdriverEventListener afterFindBy
INFO: WebDriver found By.xpath: //a[normalize-space()='Sign In']
Dec 18, 2023 12:56:52 AM com.perficient.util.LogWebdriverEventListener afterFindBy
INFO: WebDriver found By.xpath: //a[normalize-space()='Sign In']
Dec 18, 2023 12:56:52 AM com.perficient.util.LogWebdriverEventListener afterFindBy
INFO: WebDriver found By.xpath: //a[normalize-space()='Sign In']
Dec 18, 2023 12:56:52 AM com.perficient.util.LogWebdriverEventListener afterFindBy
INFO: WebDriver found By.xpath: //a[normalize-space()='Sign In']
Dec 18, 2023 12:56:52 AM com.perficient.util.LogWebdriverEventListener afterFindBy
INFO: WebDriver found By.xpath: //a[normalize-space()='Sign In']
]]></system-err>
  </testcase>
  <testcase name="afterMethod" classname="com.perficient.testCases.Desktop.purdy.Verify_Login_Page_with_valid_credentials" time="14.721">
    <failure message="expected [pass] but found [fail]" type="java.lang.AssertionError">java.lang.AssertionError: expected [pass] but found [fail]
</failure>
    <system-err><![CDATA[Dec 18, 2023 12:56:53 AM com.perficient.util.LogWebdriverEventListener onException
SEVERE: WebDriver error: Element not found By.xpath: //span[@id='header-myaccount-link']
Dec 18, 2023 12:56:55 AM com.perficient.testCases.Desktop.purdy.Verify_Login_Page_with_valid_credentials afterMethod
INFO: redirectToLoginPage : fail
]]></system-err>
  </testcase>
  <testcase name="afterMethod" classname="com.perficient.testCases.Desktop.purdy.Verify_Login_Page_with_valid_credentials" time="56.584">
    <failure message="expected [pass] but found [fail]" type="java.lang.AssertionError">java.lang.AssertionError: expected [pass] but found [fail]
</failure>
    <system-out><![CDATA[screen shot finished, it's in ./test-output/errorImages folder
]]></system-out>
    <system-err><![CDATA[Dec 18, 2023 12:57:50 AM com.perficient.util.PageManager snapshot
INFO: save snapshot path is:./test-output/errorImages\20235718_1257462.png
Dec 18, 2023 12:57:51 AM com.perficient.testCases.Desktop.purdy.Verify_Login_Page_with_valid_credentials afterMethod
INFO: homePageValidationAfterLogin : fail
]]></system-err>
  </testcase>
  <testcase name="afterMethod" classname="com.perficient.testCases.Desktop.purdy.Verify_Login_Page_with_valid_credentials" time="63.409">
    <failure message="expected [pass] but found [fail]" type="java.lang.AssertionError">java.lang.AssertionError: expected [pass] but found [fail]
</failure>
    <system-err><![CDATA[Dec 18, 2023 12:57:58 AM com.perficient.testCases.Desktop.purdy.Verify_Login_Page_with_valid_credentials afterMethod
INFO: homePageValidationAfterLogin : fail
]]></system-err>
  </testcase>
  <testcase name="homePageValidationAfterLogin" classname="com.perficient.testCases.Desktop.purdy.Verify_Login_Page_with_valid_credentials" time="0">
    <skipped message="expected [pass] but found [fail]"/>
  </testcase>
  <testcase name="homePageValidationAfterLogin" classname="com.perficient.testCases.Desktop.purdy.Verify_Login_Page_with_valid_credentials" time="54.966">
    <failure message="The following asserts failed:&#10;	expected [true] but found [false]" type="java.lang.AssertionError">java.lang.AssertionError: 
The following asserts failed:
	expected [true] but found [false]
</failure>
    <system-out><![CDATA[isScrollable value is true
screen shot finished, it's in ./test-output/errorImages folder
isScrollable value is true
isScrollable value is true
date value is =====> java.text.SimpleDateFormat@d999a9bf
]]></system-out>
    <system-err><![CDATA[Dec 18, 2023 12:56:58 AM com.perficient.testCases.Desktop.purdy.Verify_Login_Page_with_valid_credentials afterMethod
INFO: homePageValidationAfterLogin : pass
Dec 18, 2023 12:56:59 AM com.perficient.testCases.Desktop.purdy.Verify_Login_Page_with_valid_credentials tearDown
INFO: null PurdyTestAutomation purdy Verify_Login_Page_with_valid_credentials chromeDesktop FAIL
Dec 18, 2023 12:57:00 AM com.perficient.util.LogWebdriverEventListener onException
SEVERE: WebDriver error: Element not found By.xpath: //span[@id='header-myaccount-link']
Dec 18, 2023 12:57:01 AM com.perficient.util.LogWebdriverEventListener onException
SEVERE: WebDriver error: Element not found By.xpath: //span[@id='header-myaccount-link']
Dec 18, 2023 12:57:08 AM com.perficient.util.LogWebdriverEventListener onException
SEVERE: WebDriver error: Element not found By.xpath: //span[@id='header-myaccount-link']
Dec 18, 2023 12:57:09 AM com.perficient.util.LogWebdriverEventListener onException
SEVERE: WebDriver error: Element not found By.xpath: //span[@id='header-myaccount-link']
Dec 18, 2023 12:57:16 AM com.perficient.util.LogWebdriverEventListener onException
SEVERE: WebDriver error: Element not found By.xpath: //span[@id='header-myaccount-link']
Dec 18, 2023 12:57:17 AM com.perficient.util.LogWebdriverEventListener onException
SEVERE: WebDriver error: Element not found By.xpath: //span[@id='header-myaccount-link']
Dec 18, 2023 12:57:24 AM com.perficient.util.LogWebdriverEventListener onException
SEVERE: WebDriver error: Element not found By.xpath: //span[@id='header-myaccount-link']
Dec 18, 2023 12:57:25 AM com.perficient.util.LogWebdriverEventListener onException
SEVERE: WebDriver error: Element not found By.xpath: //span[@id='header-myaccount-link']
Dec 18, 2023 12:57:32 AM com.perficient.util.LogWebdriverEventListener onException
SEVERE: WebDriver error: Element not found By.xpath: //span[@id='header-myaccount-link']
Dec 18, 2023 12:57:33 AM com.perficient.util.LogWebdriverEventListener onException
SEVERE: WebDriver error: Element not found By.xpath: //span[@id='header-myaccount-link']
Dec 18, 2023 12:57:35 AM com.perficient.util.LogWebdriverEventListener onException
SEVERE: WebDriver error: Element not found By.xpath: //span[@id='header-myaccount-link']
Dec 18, 2023 12:57:38 AM com.perficient.util.PageManager snapshot
INFO: save snapshot path is:./test-output/errorImages\20235718_125738.png
Dec 18, 2023 12:57:40 AM com.perficient.util.PageManager snapshot
INFO: save snapshot path is:./test-output/errorImages\20235718_125738.png
Dec 18, 2023 12:57:41 AM com.perficient.util.LogWebdriverEventListener onException
SEVERE: WebDriver error: Element not found By.xpath: //span[@id='header-myaccount-link']
Dec 18, 2023 12:57:42 AM com.perficient.util.PageManager snapshot
INFO: save snapshot path is:./test-output/errorImages\20235718_1257382.png
Dec 18, 2023 12:57:44 AM com.perficient.util.LogWebdriverEventListener onException
SEVERE: WebDriver error: Element not found By.xpath: //span[@id='header-myaccount-link']
Dec 18, 2023 12:57:45 AM com.perficient.util.LogWebdriverEventListener onException
SEVERE: WebDriver error: Element not found By.xpath: //span[@id='header-myaccount-link']
Dec 18, 2023 12:57:46 AM com.perficient.util.PageManager snapshot
INFO: save snapshot path is:./test-output/errorImages\20235718_125746.png
Dec 18, 2023 12:57:48 AM com.perficient.util.PageManager snapshot
INFO: save snapshot path is:./test-output/errorImages\20235718_125748.png
Dec 18, 2023 12:57:48 AM com.perficient.util.PageManager snapshot
INFO: save snapshot path is:./test-output/errorImages\20235718_125746.png
]]></system-err>
  </testcase>
  <testcase name="homePageValidationAfterLogin" classname="com.perficient.testCases.Desktop.purdy.Verify_Login_Page_with_valid_credentials" time="61.929">
    <failure message="The following asserts failed:&#10;	expected [true] but found [false]" type="java.lang.AssertionError">java.lang.AssertionError: 
The following asserts failed:
	expected [true] but found [false]
</failure>
    <system-out><![CDATA[isScrollable value is true
date value is =====> java.text.SimpleDateFormat@d999a9bf
]]></system-out>
    <system-err><![CDATA[Dec 18, 2023 12:57:52 AM com.perficient.testCases.Desktop.purdy.Verify_Login_Page_with_valid_credentials tearDown
INFO: 2023.12.18_00.55 PurdyTestAutomation purdy Verify_Login_Page_with_valid_credentials chromeDesktop FAIL
Dec 18, 2023 12:57:53 AM com.perficient.util.LogWebdriverEventListener onException
SEVERE: WebDriver error: Element not found By.xpath: //span[@id='header-myaccount-link']
Dec 18, 2023 12:57:55 AM com.perficient.util.PageManager snapshot
INFO: save snapshot path is:./test-output/errorImages\20235718_125755.png
]]></system-err>
  </testcase>
</testsuite>