<?xml version="1.0" encoding="UTF-8"?>
<testsuite xmlns:xsi="http://www.w3.org/2001/XMLSchema-instance" xsi:noNamespaceSchemaLocation="https://maven.apache.org/surefire/maven-surefire-plugin/xsd/surefire-test-report.xsd" name="TestSuite" time="105.12" tests="8" errors="0" skipped="0" failures="2">
  <properties>
    <property name="sun.desktop" value="windows"/>
    <property name="awt.toolkit" value="sun.awt.windows.WToolkit"/>
    <property name="java.specification.version" value="11"/>
    <property name="sun.cpu.isalist" value="amd64"/>
    <property name="sun.jnu.encoding" value="Cp1252"/>
    <property name="java.class.path" value="C:\Users\pratik.hood\eclipse-workspace\PurdyTestAutomation\target\test-classes;C:\Users\pratik.hood\eclipse-workspace\PurdyTestAutomation\target\classes;C:\Users\pratik.hood\.m2\repository\com\mashape\unirest\unirest-java\1.4.9\unirest-java-1.4.9.jar;C:\Users\pratik.hood\.m2\repository\org\apache\httpcomponents\httpasyncclient\4.1.1\httpasyncclient-4.1.1.jar;C:\Users\pratik.hood\.m2\repository\org\apache\httpcomponents\httpmime\4.5.2\httpmime-4.5.2.jar;C:\Users\pratik.hood\.m2\repository\org\apache\logging\log4j\log4j-api\2.20.0\log4j-api-2.20.0.jar;C:\Users\pratik.hood\.m2\repository\org\apache\logging\log4j\log4j-core\2.20.0\log4j-core-2.20.0.jar;C:\Users\pratik.hood\.m2\repository\org\slf4j\slf4j-simple\2.0.9\slf4j-simple-2.0.9.jar;C:\Users\pratik.hood\.m2\repository\org\slf4j\slf4j-api\2.0.9\slf4j-api-2.0.9.jar;C:\Users\pratik.hood\.m2\repository\org\seleniumhq\selenium\selenium-java\4.16.1\selenium-java-4.16.1.jar;C:\Users\pratik.hood\.m2\repository\org\seleniumhq\selenium\selenium-api\4.16.1\selenium-api-4.16.1.jar;C:\Users\pratik.hood\.m2\repository\org\seleniumhq\selenium\selenium-chrome-driver\4.16.1\selenium-chrome-driver-4.16.1.jar;C:\Users\pratik.hood\.m2\repository\org\seleniumhq\selenium\selenium-chromium-driver\4.16.1\selenium-chromium-driver-4.16.1.jar;C:\Users\pratik.hood\.m2\repository\org\seleniumhq\selenium\selenium-devtools-v118\4.16.1\selenium-devtools-v118-4.16.1.jar;C:\Users\pratik.hood\.m2\repository\org\seleniumhq\selenium\selenium-devtools-v119\4.16.1\selenium-devtools-v119-4.16.1.jar;C:\Users\pratik.hood\.m2\repository\org\seleniumhq\selenium\selenium-devtools-v120\4.16.1\selenium-devtools-v120-4.16.1.jar;C:\Users\pratik.hood\.m2\repository\org\seleniumhq\selenium\selenium-devtools-v85\4.16.1\selenium-devtools-v85-4.16.1.jar;C:\Users\pratik.hood\.m2\repository\org\seleniumhq\selenium\selenium-edge-driver\4.16.1\selenium-edge-driver-4.16.1.jar;C:\Users\pratik.hood\.m2\repository\org\seleniumhq\selenium\selenium-firefox-driver\4.16.1\selenium-firefox-driver-4.16.1.jar;C:\Users\pratik.hood\.m2\repository\org\seleniumhq\selenium\selenium-ie-driver\4.16.1\selenium-ie-driver-4.16.1.jar;C:\Users\pratik.hood\.m2\repository\org\seleniumhq\selenium\selenium-safari-driver\4.16.1\selenium-safari-driver-4.16.1.jar;C:\Users\pratik.hood\.m2\repository\org\seleniumhq\selenium\selenium-support\4.16.1\selenium-support-4.16.1.jar;C:\Users\pratik.hood\.m2\repository\org\seleniumhq\selenium\selenium-remote-driver\4.14.1\selenium-remote-driver-4.14.1.jar;C:\Users\pratik.hood\.m2\repository\com\google\auto\service\auto-service-annotations\1.1.1\auto-service-annotations-1.1.1.jar;C:\Users\pratik.hood\.m2\repository\io\opentelemetry\opentelemetry-api\1.28.0\opentelemetry-api-1.28.0.jar;C:\Users\pratik.hood\.m2\repository\io\opentelemetry\opentelemetry-context\1.28.0\opentelemetry-context-1.28.0.jar;C:\Users\pratik.hood\.m2\repository\io\opentelemetry\opentelemetry-exporter-logging\1.28.0\opentelemetry-exporter-logging-1.28.0.jar;C:\Users\pratik.hood\.m2\repository\io\opentelemetry\opentelemetry-sdk-metrics\1.28.0\opentelemetry-sdk-metrics-1.28.0.jar;C:\Users\pratik.hood\.m2\repository\io\opentelemetry\opentelemetry-extension-incubator\1.28.0-alpha\opentelemetry-extension-incubator-1.28.0-alpha.jar;C:\Users\pratik.hood\.m2\repository\io\opentelemetry\opentelemetry-sdk-logs\1.28.0\opentelemetry-sdk-logs-1.28.0.jar;C:\Users\pratik.hood\.m2\repository\io\opentelemetry\opentelemetry-sdk-common\1.28.0\opentelemetry-sdk-common-1.28.0.jar;C:\Users\pratik.hood\.m2\repository\io\opentelemetry\opentelemetry-sdk-extension-autoconfigure-spi\1.28.0\opentelemetry-sdk-extension-autoconfigure-spi-1.28.0.jar;C:\Users\pratik.hood\.m2\repository\io\opentelemetry\opentelemetry-sdk-extension-autoconfigure\1.28.0\opentelemetry-sdk-extension-autoconfigure-1.28.0.jar;C:\Users\pratik.hood\.m2\repository\io\opentelemetry\opentelemetry-api-events\1.28.0-alpha\opentelemetry-api-events-1.28.0-alpha.jar;C:\Users\pratik.hood\.m2\repository\io\opentelemetry\opentelemetry-sdk-trace\1.28.0\opentelemetry-sdk-trace-1.28.0.jar;C:\Users\pratik.hood\.m2\repository\io\opentelemetry\opentelemetry-sdk\1.28.0\opentelemetry-sdk-1.28.0.jar;C:\Users\pratik.hood\.m2\repository\io\opentelemetry\opentelemetry-semconv\1.28.0-alpha\opentelemetry-semconv-1.28.0-alpha.jar;C:\Users\pratik.hood\.m2\repository\net\bytebuddy\byte-buddy\1.14.5\byte-buddy-1.14.5.jar;C:\Users\pratik.hood\.m2\repository\org\seleniumhq\selenium\selenium-http\4.14.1\selenium-http-4.14.1.jar;C:\Users\pratik.hood\.m2\repository\dev\failsafe\failsafe\3.3.2\failsafe-3.3.2.jar;C:\Users\pratik.hood\.m2\repository\org\seleniumhq\selenium\selenium-json\4.14.1\selenium-json-4.14.1.jar;C:\Users\pratik.hood\.m2\repository\org\seleniumhq\selenium\selenium-os\4.14.1\selenium-os-4.14.1.jar;C:\Users\pratik.hood\.m2\repository\org\seleniumhq\selenium\selenium-manager\4.16.1\selenium-manager-4.16.1.jar;C:\Users\pratik.hood\.m2\repository\commons-configuration\commons-configuration\1.9\commons-configuration-1.9.jar;C:\Users\pratik.hood\.m2\repository\commons-logging\commons-logging\1.1.1\commons-logging-1.1.1.jar;C:\Users\pratik.hood\.m2\repository\org\seleniumhq\selenium\selenium-server\3.141.59\selenium-server-3.141.59.jar;C:\Users\pratik.hood\.m2\repository\org\seleniumhq\selenium\selenium-opera-driver\3.141.59\selenium-opera-driver-3.141.59.jar;C:\Users\pratik.hood\.m2\repository\com\beust\jcommander\1.72\jcommander-1.72.jar;C:\Users\pratik.hood\.m2\repository\org\apache\commons\commons-exec\1.3\commons-exec-1.3.jar;C:\Users\pratik.hood\.m2\repository\net\jcip\jcip-annotations\1.0\jcip-annotations-1.0.jar;C:\Users\pratik.hood\.m2\repository\org\seleniumhq\selenium\jetty-repacked\9.4.12.v20180830\jetty-repacked-9.4.12.v20180830.jar;C:\Users\pratik.hood\.m2\repository\com\squareup\okio\okio\1.14.0\okio-1.14.0.jar;C:\Users\pratik.hood\.m2\repository\javax\servlet\javax.servlet-api\3.1.0\javax.servlet-api-3.1.0.jar;C:\Users\pratik.hood\.m2\repository\org\yaml\snakeyaml\1.19\snakeyaml-1.19.jar;C:\Users\pratik.hood\.m2\repository\org\apache\pdfbox\pdfbox\3.0.0\pdfbox-3.0.0.jar;C:\Users\pratik.hood\.m2\repository\org\apache\pdfbox\pdfbox-io\3.0.0\pdfbox-io-3.0.0.jar;C:\Users\pratik.hood\.m2\repository\org\apache\pdfbox\fontbox\3.0.0\fontbox-3.0.0.jar;C:\Users\pratik.hood\.m2\repository\com\aventstack\extentreports\3.0.0\extentreports-3.0.0.jar;C:\Users\pratik.hood\.m2\repository\org\mongodb\mongodb-driver\3.3.0\mongodb-driver-3.3.0.jar;C:\Users\pratik.hood\.m2\repository\org\mongodb\bson\3.3.0\bson-3.3.0.jar;C:\Users\pratik.hood\.m2\repository\org\mongodb\mongodb-driver-core\3.3.0\mongodb-driver-core-3.3.0.jar;C:\Users\pratik.hood\.m2\repository\net\sourceforge\jexcelapi\jxl\2.6.12\jxl-2.6.12.jar;C:\Users\pratik.hood\.m2\repository\log4j\log4j\1.2.14\log4j-1.2.14.jar;C:\Users\pratik.hood\.m2\repository\org\testng\testng\7.8.0\testng-7.8.0.jar;C:\Users\pratik.hood\.m2\repository\org\webjars\jquery\3.6.1\jquery-3.6.1.jar;C:\Users\pratik.hood\.m2\repository\io\appium\java-client\8.5.1\java-client-8.5.1.jar;C:\Users\pratik.hood\.m2\repository\commons-validator\commons-validator\1.7\commons-validator-1.7.jar;C:\Users\pratik.hood\.m2\repository\commons-beanutils\commons-beanutils\1.9.4\commons-beanutils-1.9.4.jar;C:\Users\pratik.hood\.m2\repository\commons-digester\commons-digester\2.1\commons-digester-2.1.jar;C:\Users\pratik.hood\.m2\repository\commons-collections\commons-collections\3.2.2\commons-collections-3.2.2.jar;C:\Users\pratik.hood\.m2\repository\org\apache\commons\commons-lang3\3.12.0\commons-lang3-3.12.0.jar;C:\Users\pratik.hood\.m2\repository\org\freemarker\freemarker\2.3.32\freemarker-2.3.32.jar;C:\Users\pratik.hood\.m2\repository\org\apache\httpcomponents\httpclient\4.5.14\httpclient-4.5.14.jar;C:\Users\pratik.hood\.m2\repository\org\apache\httpcomponents\httpcore\4.4.16\httpcore-4.4.16.jar;C:\Users\pratik.hood\.m2\repository\commons-codec\commons-codec\1.11\commons-codec-1.11.jar;C:\Users\pratik.hood\.m2\repository\org\apache\httpcomponents\fluent-hc\4.5.14\fluent-hc-4.5.14.jar;C:\Users\pratik.hood\.m2\repository\org\eclipse\jetty\jetty-util\12.0.2\jetty-util-12.0.2.jar;C:\Users\pratik.hood\.m2\repository\org\json\json\20230618\json-20230618.jar;C:\Users\pratik.hood\.m2\repository\org\apache\poi\poi\3.15\poi-3.15.jar;C:\Users\pratik.hood\.m2\repository\org\apache\commons\commons-collections4\4.1\commons-collections4-4.1.jar;C:\Users\pratik.hood\.m2\repository\org\apache\poi\poi-ooxml\3.15\poi-ooxml-3.15.jar;C:\Users\pratik.hood\.m2\repository\org\apache\poi\poi-ooxml-schemas\3.15\poi-ooxml-schemas-3.15.jar;C:\Users\pratik.hood\.m2\repository\org\apache\xmlbeans\xmlbeans\2.6.0\xmlbeans-2.6.0.jar;C:\Users\pratik.hood\.m2\repository\stax\stax-api\1.0.1\stax-api-1.0.1.jar;C:\Users\pratik.hood\.m2\repository\com\github\virtuald\curvesapi\1.04\curvesapi-1.04.jar;C:\Users\pratik.hood\.m2\repository\commons-io\commons-io\2.14.0\commons-io-2.14.0.jar;C:\Users\pratik.hood\.m2\repository\commons-lang\commons-lang\2.6\commons-lang-2.6.jar;C:\Users\pratik.hood\.m2\repository\net\lightbody\bmp\browsermob-core\2.1.5\browsermob-core-2.1.5.jar;C:\Users\pratik.hood\.m2\repository\net\lightbody\bmp\littleproxy\1.1.0-beta-bmp-17\littleproxy-1.1.0-beta-bmp-17.jar;C:\Users\pratik.hood\.m2\repository\com\fasterxml\jackson\core\jackson-core\2.8.9\jackson-core-2.8.9.jar;C:\Users\pratik.hood\.m2\repository\com\fasterxml\jackson\core\jackson-databind\2.8.9\jackson-databind-2.8.9.jar;C:\Users\pratik.hood\.m2\repository\com\fasterxml\jackson\core\jackson-annotations\2.8.9\jackson-annotations-2.8.9.jar;C:\Users\pratik.hood\.m2\repository\dnsjava\dnsjava\2.1.8\dnsjava-2.1.8.jar;C:\Users\pratik.hood\.m2\repository\org\slf4j\jcl-over-slf4j\1.7.25\jcl-over-slf4j-1.7.25.jar;C:\Users\pratik.hood\.m2\repository\com\jcraft\jzlib\1.1.3\jzlib-1.1.3.jar;C:\Users\pratik.hood\.m2\repository\io\netty\netty-all\4.0.51.Final\netty-all-4.0.51.Final.jar;C:\Users\pratik.hood\.m2\repository\org\bouncycastle\bcprov-jdk15on\1.58\bcprov-jdk15on-1.58.jar;C:\Users\pratik.hood\.m2\repository\org\bouncycastle\bcpkix-jdk15on\1.58\bcpkix-jdk15on-1.58.jar;C:\Users\pratik.hood\.m2\repository\net\lightbody\bmp\mitm\2.1.5\mitm-2.1.5.jar;C:\Users\pratik.hood\.m2\repository\javax\persistence\persistence-api\1.0.2\persistence-api-1.0.2.jar;C:\Users\pratik.hood\.m2\repository\commons-net\commons-net\3.10.0\commons-net-3.10.0.jar;C:\Users\pratik.hood\.m2\repository\javax\xml\soap\javax.xml.soap-api\1.4.0\javax.xml.soap-api-1.4.0.jar;C:\Users\pratik.hood\.m2\repository\io\rest-assured\rest-assured\5.3.2\rest-assured-5.3.2.jar;C:\Users\pratik.hood\.m2\repository\org\apache\groovy\groovy\4.0.11\groovy-4.0.11.jar;C:\Users\pratik.hood\.m2\repository\org\apache\groovy\groovy-xml\4.0.11\groovy-xml-4.0.11.jar;C:\Users\pratik.hood\.m2\repository\org\hamcrest\hamcrest\2.2\hamcrest-2.2.jar;C:\Users\pratik.hood\.m2\repository\org\ccil\cowan\tagsoup\tagsoup\1.2.1\tagsoup-1.2.1.jar;C:\Users\pratik.hood\.m2\repository\io\rest-assured\json-path\5.3.2\json-path-5.3.2.jar;C:\Users\pratik.hood\.m2\repository\io\rest-assured\rest-assured-common\5.3.2\rest-assured-common-5.3.2.jar;C:\Users\pratik.hood\.m2\repository\io\rest-assured\xml-path\5.3.2\xml-path-5.3.2.jar;C:\Users\pratik.hood\.m2\repository\org\apache\groovy\groovy-ant\4.0.11\groovy-ant-4.0.11.jar;C:\Users\pratik.hood\.m2\repository\org\apache\ant\ant\1.10.13\ant-1.10.13.jar;C:\Users\pratik.hood\.m2\repository\org\apache\ant\ant-junit\1.10.13\ant-junit-1.10.13.jar;C:\Users\pratik.hood\.m2\repository\org\apache\ant\ant-launcher\1.10.13\ant-launcher-1.10.13.jar;C:\Users\pratik.hood\.m2\repository\org\apache\ant\ant-antlr\1.10.13\ant-antlr-1.10.13.jar;C:\Users\pratik.hood\.m2\repository\org\apache\groovy\groovy-cli-picocli\4.0.11\groovy-cli-picocli-4.0.11.jar;C:\Users\pratik.hood\.m2\repository\info\picocli\picocli\4.7.1\picocli-4.7.1.jar;C:\Users\pratik.hood\.m2\repository\org\apache\groovy\groovy-console\4.0.11\groovy-console-4.0.11.jar;C:\Users\pratik.hood\.m2\repository\com\github\javaparser\javaparser-core\3.25.1\javaparser-core-3.25.1.jar;C:\Users\pratik.hood\.m2\repository\org\ow2\asm\asm-util\9.5\asm-util-9.5.jar;C:\Users\pratik.hood\.m2\repository\org\ow2\asm\asm\9.5\asm-9.5.jar;C:\Users\pratik.hood\.m2\repository\org\ow2\asm\asm-tree\9.5\asm-tree-9.5.jar;C:\Users\pratik.hood\.m2\repository\org\ow2\asm\asm-analysis\9.5\asm-analysis-9.5.jar;C:\Users\pratik.hood\.m2\repository\org\abego\treelayout\org.abego.treelayout.core\1.0.3\org.abego.treelayout.core-1.0.3.jar;C:\Users\pratik.hood\.m2\repository\org\apache\ivy\ivy\2.5.1\ivy-2.5.1.jar;C:\Users\pratik.hood\.m2\repository\org\apache\groovy\groovy-datetime\4.0.11\groovy-datetime-4.0.11.jar;C:\Users\pratik.hood\.m2\repository\org\apache\groovy\groovy-docgenerator\4.0.11\groovy-docgenerator-4.0.11.jar;C:\Users\pratik.hood\.m2\repository\com\thoughtworks\qdox\qdox\1.12.1\qdox-1.12.1.jar;C:\Users\pratik.hood\.m2\repository\org\apache\groovy\groovy-groovydoc\4.0.11\groovy-groovydoc-4.0.11.jar;C:\Users\pratik.hood\.m2\repository\org\apache\groovy\groovy-groovysh\4.0.11\groovy-groovysh-4.0.11.jar;C:\Users\pratik.hood\.m2\repository\jline\jline\2.14.6\jline-2.14.6.jar;C:\Users\pratik.hood\.m2\repository\org\apache\groovy\groovy-jmx\4.0.11\groovy-jmx-4.0.11.jar;C:\Users\pratik.hood\.m2\repository\org\apache\groovy\groovy-json\4.0.11\groovy-json-4.0.11.jar;C:\Users\pratik.hood\.m2\repository\org\apache\groovy\groovy-jsr223\4.0.11\groovy-jsr223-4.0.11.jar;C:\Users\pratik.hood\.m2\repository\org\apache\groovy\groovy-macro\4.0.11\groovy-macro-4.0.11.jar;C:\Users\pratik.hood\.m2\repository\org\apache\groovy\groovy-nio\4.0.11\groovy-nio-4.0.11.jar;C:\Users\pratik.hood\.m2\repository\org\apache\groovy\groovy-servlet\4.0.11\groovy-servlet-4.0.11.jar;C:\Users\pratik.hood\.m2\repository\org\apache\groovy\groovy-sql\4.0.11\groovy-sql-4.0.11.jar;C:\Users\pratik.hood\.m2\repository\org\apache\groovy\groovy-swing\4.0.11\groovy-swing-4.0.11.jar;C:\Users\pratik.hood\.m2\repository\org\apache\groovy\groovy-templates\4.0.11\groovy-templates-4.0.11.jar;C:\Users\pratik.hood\.m2\repository\org\apache\groovy\groovy-test\4.0.11\groovy-test-4.0.11.jar;C:\Users\pratik.hood\.m2\repository\junit\junit\4.13.2\junit-4.13.2.jar;C:\Users\pratik.hood\.m2\repository\org\apache\groovy\groovy-test-junit5\4.0.11\groovy-test-junit5-4.0.11.jar;C:\Users\pratik.hood\.m2\repository\org\junit\jupiter\junit-jupiter-api\5.9.2\junit-jupiter-api-5.9.2.jar;C:\Users\pratik.hood\.m2\repository\org\opentest4j\opentest4j\1.2.0\opentest4j-1.2.0.jar;C:\Users\pratik.hood\.m2\repository\org\junit\platform\junit-platform-launcher\1.9.2\junit-platform-launcher-1.9.2.jar;C:\Users\pratik.hood\.m2\repository\org\junit\platform\junit-platform-engine\1.9.2\junit-platform-engine-1.9.2.jar;C:\Users\pratik.hood\.m2\repository\org\junit\platform\junit-platform-commons\1.9.2\junit-platform-commons-1.9.2.jar;C:\Users\pratik.hood\.m2\repository\org\junit\jupiter\junit-jupiter-engine\5.9.2\junit-jupiter-engine-5.9.2.jar;C:\Users\pratik.hood\.m2\repository\org\apache\groovy\groovy-yaml\4.0.11\groovy-yaml-4.0.11.jar;C:\Users\pratik.hood\.m2\repository\com\fasterxml\jackson\dataformat\jackson-dataformat-yaml\2.14.2\jackson-dataformat-yaml-2.14.2.jar;C:\Users\pratik.hood\.m2\repository\com\konghq\unirest-java\3.14.5\unirest-java-3.14.5.jar;C:\Users\pratik.hood\.m2\repository\org\apache\httpcomponents\httpcore-nio\4.4.13\httpcore-nio-4.4.13.jar;C:\Users\pratik.hood\.m2\repository\com\itextpdf\itextpdf\5.5.13.3\itextpdf-5.5.13.3.jar;C:\Users\pratik.hood\.m2\repository\com\google\guava\guava\32.1.2-jre\guava-32.1.2-jre.jar;C:\Users\pratik.hood\.m2\repository\com\google\guava\failureaccess\1.0.1\failureaccess-1.0.1.jar;C:\Users\pratik.hood\.m2\repository\com\google\guava\listenablefuture\9999.0-empty-to-avoid-conflict-with-guava\listenablefuture-9999.0-empty-to-avoid-conflict-with-guava.jar;C:\Users\pratik.hood\.m2\repository\com\google\code\findbugs\jsr305\3.0.2\jsr305-3.0.2.jar;C:\Users\pratik.hood\.m2\repository\org\checkerframework\checker-qual\3.33.0\checker-qual-3.33.0.jar;C:\Users\pratik.hood\.m2\repository\com\google\errorprone\error_prone_annotations\2.18.0\error_prone_annotations-2.18.0.jar;C:\Users\pratik.hood\.m2\repository\com\google\j2objc\j2objc-annotations\2.8\j2objc-annotations-2.8.jar;C:\Users\pratik.hood\.m2\repository\com\squareup\okhttp3\okhttp\3.0.0\okhttp-3.0.0.jar;C:\Users\pratik.hood\.m2\repository\org\seleniumhq\selenium\selenium-devtools-v103\4.4.0\selenium-devtools-v103-4.4.0.jar;C:\Users\pratik.hood\.m2\repository\com\google\auto\service\auto-service\1.0.1\auto-service-1.0.1.jar;C:\Users\pratik.hood\.m2\repository\com\google\auto\auto-common\1.2\auto-common-1.2.jar;C:\Users\pratik.hood\.m2\repository\javax\mail\mail\1.4.7\mail-1.4.7.jar;C:\Users\pratik.hood\.m2\repository\javax\activation\activation\1.1\activation-1.1.jar;C:\Users\pratik.hood\.m2\repository\net\lingala\zip4j\zip4j\1.3.2\zip4j-1.3.2.jar;C:\Users\pratik.hood\.m2\repository\ru\yandex\qatools\ashot\ashot\1.5.3\ashot-1.5.3.jar;C:\Users\pratik.hood\.m2\repository\org\hamcrest\hamcrest-core\1.3\hamcrest-core-1.3.jar;C:\Users\pratik.hood\.m2\repository\com\googlecode\lambdaj\lambdaj\2.3.3\lambdaj-2.3.3.jar;C:\Users\pratik.hood\.m2\repository\org\objenesis\objenesis\1.2\objenesis-1.2.jar;C:\Users\pratik.hood\.m2\repository\cglib\cglib-nodep\2.2\cglib-nodep-2.2.jar;C:\Users\pratik.hood\.m2\repository\com\google\code\gson\gson\2.10.1\gson-2.10.1.jar;C:\Users\pratik.hood\.m2\repository\org\hamcrest\hamcrest-all\1.3\hamcrest-all-1.3.jar;"/>
    <property name="java.vm.vendor" value="Oracle Corporation"/>
    <property name="sun.arch.data.model" value="64"/>
    <property name="user.variant" value=""/>
    <property name="java.vendor.url" value="https://openjdk.java.net/"/>
    <property name="user.timezone" value="Asia/Calcutta"/>
    <property name="java.vm.specification.version" value="11"/>
    <property name="os.name" value="Windows 10"/>
    <property name="sun.java.launcher" value="SUN_STANDARD"/>
    <property name="user.country" value="IN"/>
    <property name="sun.boot.library.path" value="C:\Program Files\Java\jdk-11\bin"/>
    <property name="sun.java.command" value="C:\Users\PRATIK~1.HOO\AppData\Local\Temp\surefire8026509022702395428\surefirebooter12437118973906887194.jar C:\Users\pratik.hood\AppData\Local\Temp\surefire8026509022702395428 2023-12-17T20-05-40_852-jvmRun1 surefire17727004414401354324tmp surefire_09634107063862748352tmp"/>
    <property name="jdk.debug" value="release"/>
    <property name="surefire.test.class.path" value="C:\Users\pratik.hood\eclipse-workspace\PurdyTestAutomation\target\test-classes;C:\Users\pratik.hood\eclipse-workspace\PurdyTestAutomation\target\classes;C:\Users\pratik.hood\.m2\repository\com\mashape\unirest\unirest-java\1.4.9\unirest-java-1.4.9.jar;C:\Users\pratik.hood\.m2\repository\org\apache\httpcomponents\httpasyncclient\4.1.1\httpasyncclient-4.1.1.jar;C:\Users\pratik.hood\.m2\repository\org\apache\httpcomponents\httpmime\4.5.2\httpmime-4.5.2.jar;C:\Users\pratik.hood\.m2\repository\org\apache\logging\log4j\log4j-api\2.20.0\log4j-api-2.20.0.jar;C:\Users\pratik.hood\.m2\repository\org\apache\logging\log4j\log4j-core\2.20.0\log4j-core-2.20.0.jar;C:\Users\pratik.hood\.m2\repository\org\slf4j\slf4j-simple\2.0.9\slf4j-simple-2.0.9.jar;C:\Users\pratik.hood\.m2\repository\org\slf4j\slf4j-api\2.0.9\slf4j-api-2.0.9.jar;C:\Users\pratik.hood\.m2\repository\org\seleniumhq\selenium\selenium-java\4.16.1\selenium-java-4.16.1.jar;C:\Users\pratik.hood\.m2\repository\org\seleniumhq\selenium\selenium-api\4.16.1\selenium-api-4.16.1.jar;C:\Users\pratik.hood\.m2\repository\org\seleniumhq\selenium\selenium-chrome-driver\4.16.1\selenium-chrome-driver-4.16.1.jar;C:\Users\pratik.hood\.m2\repository\org\seleniumhq\selenium\selenium-chromium-driver\4.16.1\selenium-chromium-driver-4.16.1.jar;C:\Users\pratik.hood\.m2\repository\org\seleniumhq\selenium\selenium-devtools-v118\4.16.1\selenium-devtools-v118-4.16.1.jar;C:\Users\pratik.hood\.m2\repository\org\seleniumhq\selenium\selenium-devtools-v119\4.16.1\selenium-devtools-v119-4.16.1.jar;C:\Users\pratik.hood\.m2\repository\org\seleniumhq\selenium\selenium-devtools-v120\4.16.1\selenium-devtools-v120-4.16.1.jar;C:\Users\pratik.hood\.m2\repository\org\seleniumhq\selenium\selenium-devtools-v85\4.16.1\selenium-devtools-v85-4.16.1.jar;C:\Users\pratik.hood\.m2\repository\org\seleniumhq\selenium\selenium-edge-driver\4.16.1\selenium-edge-driver-4.16.1.jar;C:\Users\pratik.hood\.m2\repository\org\seleniumhq\selenium\selenium-firefox-driver\4.16.1\selenium-firefox-driver-4.16.1.jar;C:\Users\pratik.hood\.m2\repository\org\seleniumhq\selenium\selenium-ie-driver\4.16.1\selenium-ie-driver-4.16.1.jar;C:\Users\pratik.hood\.m2\repository\org\seleniumhq\selenium\selenium-safari-driver\4.16.1\selenium-safari-driver-4.16.1.jar;C:\Users\pratik.hood\.m2\repository\org\seleniumhq\selenium\selenium-support\4.16.1\selenium-support-4.16.1.jar;C:\Users\pratik.hood\.m2\repository\org\seleniumhq\selenium\selenium-remote-driver\4.14.1\selenium-remote-driver-4.14.1.jar;C:\Users\pratik.hood\.m2\repository\com\google\auto\service\auto-service-annotations\1.1.1\auto-service-annotations-1.1.1.jar;C:\Users\pratik.hood\.m2\repository\io\opentelemetry\opentelemetry-api\1.28.0\opentelemetry-api-1.28.0.jar;C:\Users\pratik.hood\.m2\repository\io\opentelemetry\opentelemetry-context\1.28.0\opentelemetry-context-1.28.0.jar;C:\Users\pratik.hood\.m2\repository\io\opentelemetry\opentelemetry-exporter-logging\1.28.0\opentelemetry-exporter-logging-1.28.0.jar;C:\Users\pratik.hood\.m2\repository\io\opentelemetry\opentelemetry-sdk-metrics\1.28.0\opentelemetry-sdk-metrics-1.28.0.jar;C:\Users\pratik.hood\.m2\repository\io\opentelemetry\opentelemetry-extension-incubator\1.28.0-alpha\opentelemetry-extension-incubator-1.28.0-alpha.jar;C:\Users\pratik.hood\.m2\repository\io\opentelemetry\opentelemetry-sdk-logs\1.28.0\opentelemetry-sdk-logs-1.28.0.jar;C:\Users\pratik.hood\.m2\repository\io\opentelemetry\opentelemetry-sdk-common\1.28.0\opentelemetry-sdk-common-1.28.0.jar;C:\Users\pratik.hood\.m2\repository\io\opentelemetry\opentelemetry-sdk-extension-autoconfigure-spi\1.28.0\opentelemetry-sdk-extension-autoconfigure-spi-1.28.0.jar;C:\Users\pratik.hood\.m2\repository\io\opentelemetry\opentelemetry-sdk-extension-autoconfigure\1.28.0\opentelemetry-sdk-extension-autoconfigure-1.28.0.jar;C:\Users\pratik.hood\.m2\repository\io\opentelemetry\opentelemetry-api-events\1.28.0-alpha\opentelemetry-api-events-1.28.0-alpha.jar;C:\Users\pratik.hood\.m2\repository\io\opentelemetry\opentelemetry-sdk-trace\1.28.0\opentelemetry-sdk-trace-1.28.0.jar;C:\Users\pratik.hood\.m2\repository\io\opentelemetry\opentelemetry-sdk\1.28.0\opentelemetry-sdk-1.28.0.jar;C:\Users\pratik.hood\.m2\repository\io\opentelemetry\opentelemetry-semconv\1.28.0-alpha\opentelemetry-semconv-1.28.0-alpha.jar;C:\Users\pratik.hood\.m2\repository\net\bytebuddy\byte-buddy\1.14.5\byte-buddy-1.14.5.jar;C:\Users\pratik.hood\.m2\repository\org\seleniumhq\selenium\selenium-http\4.14.1\selenium-http-4.14.1.jar;C:\Users\pratik.hood\.m2\repository\dev\failsafe\failsafe\3.3.2\failsafe-3.3.2.jar;C:\Users\pratik.hood\.m2\repository\org\seleniumhq\selenium\selenium-json\4.14.1\selenium-json-4.14.1.jar;C:\Users\pratik.hood\.m2\repository\org\seleniumhq\selenium\selenium-os\4.14.1\selenium-os-4.14.1.jar;C:\Users\pratik.hood\.m2\repository\org\seleniumhq\selenium\selenium-manager\4.16.1\selenium-manager-4.16.1.jar;C:\Users\pratik.hood\.m2\repository\commons-configuration\commons-configuration\1.9\commons-configuration-1.9.jar;C:\Users\pratik.hood\.m2\repository\commons-logging\commons-logging\1.1.1\commons-logging-1.1.1.jar;C:\Users\pratik.hood\.m2\repository\org\seleniumhq\selenium\selenium-server\3.141.59\selenium-server-3.141.59.jar;C:\Users\pratik.hood\.m2\repository\org\seleniumhq\selenium\selenium-opera-driver\3.141.59\selenium-opera-driver-3.141.59.jar;C:\Users\pratik.hood\.m2\repository\com\beust\jcommander\1.72\jcommander-1.72.jar;C:\Users\pratik.hood\.m2\repository\org\apache\commons\commons-exec\1.3\commons-exec-1.3.jar;C:\Users\pratik.hood\.m2\repository\net\jcip\jcip-annotations\1.0\jcip-annotations-1.0.jar;C:\Users\pratik.hood\.m2\repository\org\seleniumhq\selenium\jetty-repacked\9.4.12.v20180830\jetty-repacked-9.4.12.v20180830.jar;C:\Users\pratik.hood\.m2\repository\com\squareup\okio\okio\1.14.0\okio-1.14.0.jar;C:\Users\pratik.hood\.m2\repository\javax\servlet\javax.servlet-api\3.1.0\javax.servlet-api-3.1.0.jar;C:\Users\pratik.hood\.m2\repository\org\yaml\snakeyaml\1.19\snakeyaml-1.19.jar;C:\Users\pratik.hood\.m2\repository\org\apache\pdfbox\pdfbox\3.0.0\pdfbox-3.0.0.jar;C:\Users\pratik.hood\.m2\repository\org\apache\pdfbox\pdfbox-io\3.0.0\pdfbox-io-3.0.0.jar;C:\Users\pratik.hood\.m2\repository\org\apache\pdfbox\fontbox\3.0.0\fontbox-3.0.0.jar;C:\Users\pratik.hood\.m2\repository\com\aventstack\extentreports\3.0.0\extentreports-3.0.0.jar;C:\Users\pratik.hood\.m2\repository\org\mongodb\mongodb-driver\3.3.0\mongodb-driver-3.3.0.jar;C:\Users\pratik.hood\.m2\repository\org\mongodb\bson\3.3.0\bson-3.3.0.jar;C:\Users\pratik.hood\.m2\repository\org\mongodb\mongodb-driver-core\3.3.0\mongodb-driver-core-3.3.0.jar;C:\Users\pratik.hood\.m2\repository\net\sourceforge\jexcelapi\jxl\2.6.12\jxl-2.6.12.jar;C:\Users\pratik.hood\.m2\repository\log4j\log4j\1.2.14\log4j-1.2.14.jar;C:\Users\pratik.hood\.m2\repository\org\testng\testng\7.8.0\testng-7.8.0.jar;C:\Users\pratik.hood\.m2\repository\org\webjars\jquery\3.6.1\jquery-3.6.1.jar;C:\Users\pratik.hood\.m2\repository\io\appium\java-client\8.5.1\java-client-8.5.1.jar;C:\Users\pratik.hood\.m2\repository\commons-validator\commons-validator\1.7\commons-validator-1.7.jar;C:\Users\pratik.hood\.m2\repository\commons-beanutils\commons-beanutils\1.9.4\commons-beanutils-1.9.4.jar;C:\Users\pratik.hood\.m2\repository\commons-digester\commons-digester\2.1\commons-digester-2.1.jar;C:\Users\pratik.hood\.m2\repository\commons-collections\commons-collections\3.2.2\commons-collections-3.2.2.jar;C:\Users\pratik.hood\.m2\repository\org\apache\commons\commons-lang3\3.12.0\commons-lang3-3.12.0.jar;C:\Users\pratik.hood\.m2\repository\org\freemarker\freemarker\2.3.32\freemarker-2.3.32.jar;C:\Users\pratik.hood\.m2\repository\org\apache\httpcomponents\httpclient\4.5.14\httpclient-4.5.14.jar;C:\Users\pratik.hood\.m2\repository\org\apache\httpcomponents\httpcore\4.4.16\httpcore-4.4.16.jar;C:\Users\pratik.hood\.m2\repository\commons-codec\commons-codec\1.11\commons-codec-1.11.jar;C:\Users\pratik.hood\.m2\repository\org\apache\httpcomponents\fluent-hc\4.5.14\fluent-hc-4.5.14.jar;C:\Users\pratik.hood\.m2\repository\org\eclipse\jetty\jetty-util\12.0.2\jetty-util-12.0.2.jar;C:\Users\pratik.hood\.m2\repository\org\json\json\20230618\json-20230618.jar;C:\Users\pratik.hood\.m2\repository\org\apache\poi\poi\3.15\poi-3.15.jar;C:\Users\pratik.hood\.m2\repository\org\apache\commons\commons-collections4\4.1\commons-collections4-4.1.jar;C:\Users\pratik.hood\.m2\repository\org\apache\poi\poi-ooxml\3.15\poi-ooxml-3.15.jar;C:\Users\pratik.hood\.m2\repository\org\apache\poi\poi-ooxml-schemas\3.15\poi-ooxml-schemas-3.15.jar;C:\Users\pratik.hood\.m2\repository\org\apache\xmlbeans\xmlbeans\2.6.0\xmlbeans-2.6.0.jar;C:\Users\pratik.hood\.m2\repository\stax\stax-api\1.0.1\stax-api-1.0.1.jar;C:\Users\pratik.hood\.m2\repository\com\github\virtuald\curvesapi\1.04\curvesapi-1.04.jar;C:\Users\pratik.hood\.m2\repository\commons-io\commons-io\2.14.0\commons-io-2.14.0.jar;C:\Users\pratik.hood\.m2\repository\commons-lang\commons-lang\2.6\commons-lang-2.6.jar;C:\Users\pratik.hood\.m2\repository\net\lightbody\bmp\browsermob-core\2.1.5\browsermob-core-2.1.5.jar;C:\Users\pratik.hood\.m2\repository\net\lightbody\bmp\littleproxy\1.1.0-beta-bmp-17\littleproxy-1.1.0-beta-bmp-17.jar;C:\Users\pratik.hood\.m2\repository\com\fasterxml\jackson\core\jackson-core\2.8.9\jackson-core-2.8.9.jar;C:\Users\pratik.hood\.m2\repository\com\fasterxml\jackson\core\jackson-databind\2.8.9\jackson-databind-2.8.9.jar;C:\Users\pratik.hood\.m2\repository\com\fasterxml\jackson\core\jackson-annotations\2.8.9\jackson-annotations-2.8.9.jar;C:\Users\pratik.hood\.m2\repository\dnsjava\dnsjava\2.1.8\dnsjava-2.1.8.jar;C:\Users\pratik.hood\.m2\repository\org\slf4j\jcl-over-slf4j\1.7.25\jcl-over-slf4j-1.7.25.jar;C:\Users\pratik.hood\.m2\repository\com\jcraft\jzlib\1.1.3\jzlib-1.1.3.jar;C:\Users\pratik.hood\.m2\repository\io\netty\netty-all\4.0.51.Final\netty-all-4.0.51.Final.jar;C:\Users\pratik.hood\.m2\repository\org\bouncycastle\bcprov-jdk15on\1.58\bcprov-jdk15on-1.58.jar;C:\Users\pratik.hood\.m2\repository\org\bouncycastle\bcpkix-jdk15on\1.58\bcpkix-jdk15on-1.58.jar;C:\Users\pratik.hood\.m2\repository\net\lightbody\bmp\mitm\2.1.5\mitm-2.1.5.jar;C:\Users\pratik.hood\.m2\repository\javax\persistence\persistence-api\1.0.2\persistence-api-1.0.2.jar;C:\Users\pratik.hood\.m2\repository\commons-net\commons-net\3.10.0\commons-net-3.10.0.jar;C:\Users\pratik.hood\.m2\repository\javax\xml\soap\javax.xml.soap-api\1.4.0\javax.xml.soap-api-1.4.0.jar;C:\Users\pratik.hood\.m2\repository\io\rest-assured\rest-assured\5.3.2\rest-assured-5.3.2.jar;C:\Users\pratik.hood\.m2\repository\org\apache\groovy\groovy\4.0.11\groovy-4.0.11.jar;C:\Users\pratik.hood\.m2\repository\org\apache\groovy\groovy-xml\4.0.11\groovy-xml-4.0.11.jar;C:\Users\pratik.hood\.m2\repository\org\hamcrest\hamcrest\2.2\hamcrest-2.2.jar;C:\Users\pratik.hood\.m2\repository\org\ccil\cowan\tagsoup\tagsoup\1.2.1\tagsoup-1.2.1.jar;C:\Users\pratik.hood\.m2\repository\io\rest-assured\json-path\5.3.2\json-path-5.3.2.jar;C:\Users\pratik.hood\.m2\repository\io\rest-assured\rest-assured-common\5.3.2\rest-assured-common-5.3.2.jar;C:\Users\pratik.hood\.m2\repository\io\rest-assured\xml-path\5.3.2\xml-path-5.3.2.jar;C:\Users\pratik.hood\.m2\repository\org\apache\groovy\groovy-ant\4.0.11\groovy-ant-4.0.11.jar;C:\Users\pratik.hood\.m2\repository\org\apache\ant\ant\1.10.13\ant-1.10.13.jar;C:\Users\pratik.hood\.m2\repository\org\apache\ant\ant-junit\1.10.13\ant-junit-1.10.13.jar;C:\Users\pratik.hood\.m2\repository\org\apache\ant\ant-launcher\1.10.13\ant-launcher-1.10.13.jar;C:\Users\pratik.hood\.m2\repository\org\apache\ant\ant-antlr\1.10.13\ant-antlr-1.10.13.jar;C:\Users\pratik.hood\.m2\repository\org\apache\groovy\groovy-cli-picocli\4.0.11\groovy-cli-picocli-4.0.11.jar;C:\Users\pratik.hood\.m2\repository\info\picocli\picocli\4.7.1\picocli-4.7.1.jar;C:\Users\pratik.hood\.m2\repository\org\apache\groovy\groovy-console\4.0.11\groovy-console-4.0.11.jar;C:\Users\pratik.hood\.m2\repository\com\github\javaparser\javaparser-core\3.25.1\javaparser-core-3.25.1.jar;C:\Users\pratik.hood\.m2\repository\org\ow2\asm\asm-util\9.5\asm-util-9.5.jar;C:\Users\pratik.hood\.m2\repository\org\ow2\asm\asm\9.5\asm-9.5.jar;C:\Users\pratik.hood\.m2\repository\org\ow2\asm\asm-tree\9.5\asm-tree-9.5.jar;C:\Users\pratik.hood\.m2\repository\org\ow2\asm\asm-analysis\9.5\asm-analysis-9.5.jar;C:\Users\pratik.hood\.m2\repository\org\abego\treelayout\org.abego.treelayout.core\1.0.3\org.abego.treelayout.core-1.0.3.jar;C:\Users\pratik.hood\.m2\repository\org\apache\ivy\ivy\2.5.1\ivy-2.5.1.jar;C:\Users\pratik.hood\.m2\repository\org\apache\groovy\groovy-datetime\4.0.11\groovy-datetime-4.0.11.jar;C:\Users\pratik.hood\.m2\repository\org\apache\groovy\groovy-docgenerator\4.0.11\groovy-docgenerator-4.0.11.jar;C:\Users\pratik.hood\.m2\repository\com\thoughtworks\qdox\qdox\1.12.1\qdox-1.12.1.jar;C:\Users\pratik.hood\.m2\repository\org\apache\groovy\groovy-groovydoc\4.0.11\groovy-groovydoc-4.0.11.jar;C:\Users\pratik.hood\.m2\repository\org\apache\groovy\groovy-groovysh\4.0.11\groovy-groovysh-4.0.11.jar;C:\Users\pratik.hood\.m2\repository\jline\jline\2.14.6\jline-2.14.6.jar;C:\Users\pratik.hood\.m2\repository\org\apache\groovy\groovy-jmx\4.0.11\groovy-jmx-4.0.11.jar;C:\Users\pratik.hood\.m2\repository\org\apache\groovy\groovy-json\4.0.11\groovy-json-4.0.11.jar;C:\Users\pratik.hood\.m2\repository\org\apache\groovy\groovy-jsr223\4.0.11\groovy-jsr223-4.0.11.jar;C:\Users\pratik.hood\.m2\repository\org\apache\groovy\groovy-macro\4.0.11\groovy-macro-4.0.11.jar;C:\Users\pratik.hood\.m2\repository\org\apache\groovy\groovy-nio\4.0.11\groovy-nio-4.0.11.jar;C:\Users\pratik.hood\.m2\repository\org\apache\groovy\groovy-servlet\4.0.11\groovy-servlet-4.0.11.jar;C:\Users\pratik.hood\.m2\repository\org\apache\groovy\groovy-sql\4.0.11\groovy-sql-4.0.11.jar;C:\Users\pratik.hood\.m2\repository\org\apache\groovy\groovy-swing\4.0.11\groovy-swing-4.0.11.jar;C:\Users\pratik.hood\.m2\repository\org\apache\groovy\groovy-templates\4.0.11\groovy-templates-4.0.11.jar;C:\Users\pratik.hood\.m2\repository\org\apache\groovy\groovy-test\4.0.11\groovy-test-4.0.11.jar;C:\Users\pratik.hood\.m2\repository\junit\junit\4.13.2\junit-4.13.2.jar;C:\Users\pratik.hood\.m2\repository\org\apache\groovy\groovy-test-junit5\4.0.11\groovy-test-junit5-4.0.11.jar;C:\Users\pratik.hood\.m2\repository\org\junit\jupiter\junit-jupiter-api\5.9.2\junit-jupiter-api-5.9.2.jar;C:\Users\pratik.hood\.m2\repository\org\opentest4j\opentest4j\1.2.0\opentest4j-1.2.0.jar;C:\Users\pratik.hood\.m2\repository\org\junit\platform\junit-platform-launcher\1.9.2\junit-platform-launcher-1.9.2.jar;C:\Users\pratik.hood\.m2\repository\org\junit\platform\junit-platform-engine\1.9.2\junit-platform-engine-1.9.2.jar;C:\Users\pratik.hood\.m2\repository\org\junit\platform\junit-platform-commons\1.9.2\junit-platform-commons-1.9.2.jar;C:\Users\pratik.hood\.m2\repository\org\junit\jupiter\junit-jupiter-engine\5.9.2\junit-jupiter-engine-5.9.2.jar;C:\Users\pratik.hood\.m2\repository\org\apache\groovy\groovy-yaml\4.0.11\groovy-yaml-4.0.11.jar;C:\Users\pratik.hood\.m2\repository\com\fasterxml\jackson\dataformat\jackson-dataformat-yaml\2.14.2\jackson-dataformat-yaml-2.14.2.jar;C:\Users\pratik.hood\.m2\repository\com\konghq\unirest-java\3.14.5\unirest-java-3.14.5.jar;C:\Users\pratik.hood\.m2\repository\org\apache\httpcomponents\httpcore-nio\4.4.13\httpcore-nio-4.4.13.jar;C:\Users\pratik.hood\.m2\repository\com\itextpdf\itextpdf\5.5.13.3\itextpdf-5.5.13.3.jar;C:\Users\pratik.hood\.m2\repository\com\google\guava\guava\32.1.2-jre\guava-32.1.2-jre.jar;C:\Users\pratik.hood\.m2\repository\com\google\guava\failureaccess\1.0.1\failureaccess-1.0.1.jar;C:\Users\pratik.hood\.m2\repository\com\google\guava\listenablefuture\9999.0-empty-to-avoid-conflict-with-guava\listenablefuture-9999.0-empty-to-avoid-conflict-with-guava.jar;C:\Users\pratik.hood\.m2\repository\com\google\code\findbugs\jsr305\3.0.2\jsr305-3.0.2.jar;C:\Users\pratik.hood\.m2\repository\org\checkerframework\checker-qual\3.33.0\checker-qual-3.33.0.jar;C:\Users\pratik.hood\.m2\repository\com\google\errorprone\error_prone_annotations\2.18.0\error_prone_annotations-2.18.0.jar;C:\Users\pratik.hood\.m2\repository\com\google\j2objc\j2objc-annotations\2.8\j2objc-annotations-2.8.jar;C:\Users\pratik.hood\.m2\repository\com\squareup\okhttp3\okhttp\3.0.0\okhttp-3.0.0.jar;C:\Users\pratik.hood\.m2\repository\org\seleniumhq\selenium\selenium-devtools-v103\4.4.0\selenium-devtools-v103-4.4.0.jar;C:\Users\pratik.hood\.m2\repository\com\google\auto\service\auto-service\1.0.1\auto-service-1.0.1.jar;C:\Users\pratik.hood\.m2\repository\com\google\auto\auto-common\1.2\auto-common-1.2.jar;C:\Users\pratik.hood\.m2\repository\javax\mail\mail\1.4.7\mail-1.4.7.jar;C:\Users\pratik.hood\.m2\repository\javax\activation\activation\1.1\activation-1.1.jar;C:\Users\pratik.hood\.m2\repository\net\lingala\zip4j\zip4j\1.3.2\zip4j-1.3.2.jar;C:\Users\pratik.hood\.m2\repository\ru\yandex\qatools\ashot\ashot\1.5.3\ashot-1.5.3.jar;C:\Users\pratik.hood\.m2\repository\org\hamcrest\hamcrest-core\1.3\hamcrest-core-1.3.jar;C:\Users\pratik.hood\.m2\repository\com\googlecode\lambdaj\lambdaj\2.3.3\lambdaj-2.3.3.jar;C:\Users\pratik.hood\.m2\repository\org\objenesis\objenesis\1.2\objenesis-1.2.jar;C:\Users\pratik.hood\.m2\repository\cglib\cglib-nodep\2.2\cglib-nodep-2.2.jar;C:\Users\pratik.hood\.m2\repository\com\google\code\gson\gson\2.10.1\gson-2.10.1.jar;C:\Users\pratik.hood\.m2\repository\org\hamcrest\hamcrest-all\1.3\hamcrest-all-1.3.jar;"/>
    <property name="sun.cpu.endian" value="little"/>
    <property name="user.home" value="C:\Users\pratik.hood"/>
    <property name="user.language" value="en"/>
    <property name="java.specification.vendor" value="Oracle Corporation"/>
    <property name="java.version.date" value="2023-01-17"/>
    <property name="java.home" value="C:\Program Files\Java\jdk-11"/>
    <property name="file.separator" value="\"/>
    <property name="style.color" value="always"/>
    <property name="basedir" value="C:\Users\pratik.hood\eclipse-workspace\PurdyTestAutomation"/>
    <property name="java.vm.compressedOopsMode" value="Zero based"/>
    <property name="line.separator" value="&#10;"/>
    <property name="java.specification.name" value="Java Platform API Specification"/>
    <property name="java.vm.specification.vendor" value="Oracle Corporation"/>
    <property name="java.awt.graphicsenv" value="sun.awt.Win32GraphicsEnvironment"/>
    <property name="surefire.real.class.path" value="C:\Users\PRATIK~1.HOO\AppData\Local\Temp\surefire8026509022702395428\surefirebooter12437118973906887194.jar"/>
    <property name="user.script" value=""/>
    <property name="sun.management.compiler" value="HotSpot 64-Bit Tiered Compilers"/>
    <property name="java.runtime.version" value="11.0.18+9-LTS-195"/>
    <property name="user.name" value="pratik.hood"/>
    <property name="path.separator" value=";"/>
    <property name="os.version" value="10.0"/>
    <property name="java.runtime.name" value="Java(TM) SE Runtime Environment"/>
    <property name="file.encoding" value="Cp1252"/>
    <property name="java.vm.name" value="Java HotSpot(TM) 64-Bit Server VM"/>
    <property name="java.vendor.version" value="18.9"/>
    <property name="localRepository" value="C:\Users\pratik.hood\.m2\repository"/>
    <property name="java.vendor.url.bug" value="https://bugreport.java.com/bugreport/"/>
    <property name="java.io.tmpdir" value="C:\Users\PRATIK~1.HOO\AppData\Local\Temp\"/>
    <property name="java.version" value="11.0.18"/>
    <property name="user.dir" value="C:\Users\pratik.hood\eclipse-workspace\PurdyTestAutomation"/>
    <property name="os.arch" value="amd64"/>
    <property name="java.vm.specification.name" value="Java Virtual Machine Specification"/>
    <property name="java.awt.printerjob" value="sun.awt.windows.WPrinterJob"/>
    <property name="sun.os.patch.level" value=""/>
    <property name="java.library.path" value="C:\Program Files\Java\jdk-11\bin;C:\Windows\Sun\Java\bin;C:\Windows\system32;C:\Windows;C:/Users/pratik.hood/.p2/pool/plugins/org.eclipse.justj.openjdk.hotspot.jre.full.win32.x86_64_17.0.7.v20230425-1502/jre/bin/server;C:/Users/pratik.hood/.p2/pool/plugins/org.eclipse.justj.openjdk.hotspot.jre.full.win32.x86_64_17.0.7.v20230425-1502/jre/bin;C:\Windows\system32;C:\Windows;C:\Windows\System32\Wbem;C:\Windows\System32\WindowsPowerShell\v1.0\;C:\Windows\System32\OpenSSH\;C:\Program Files\PuTTY\;C:\Program Files\dotnet\;C:\Program Files\Microsoft VS Code\bin;C:\Program Files (x86)\Pulse Secure\VC142.CRT\X64\;C:\Program Files (x86)\Pulse Secure\VC142.CRT\X86\;C:\Program Files\Java\jdk-11\bin;C:\Program Files\Java\jdk-11;C:\Program Files\Git\cmd;C:\Program Files\TortoiseGit\bin;C:\Program Files (x86)\Common Files\Pulse Secure\TNC Client Plugin\;C:\Program Files\TortoiseSVN\bin;C:\Users\pratik.hood\AppData\Local\Microsoft\WindowsApps;;C:\Program Files\JetBrains\IntelliJ IDEA 2023.1.3\bin;;C:\Program Files\JetBrains\IntelliJ IDEA Community Edition 2023.2.1\bin;;C:\Users\pratik.hood\Desktop;;."/>
    <property name="java.vendor" value="Oracle Corporation"/>
    <property name="java.vm.info" value="mixed mode"/>
    <property name="java.vm.version" value="11.0.18+9-LTS-195"/>
    <property name="sun.io.unicode.encoding" value="UnicodeLittle"/>
    <property name="java.class.version" value="55.0"/>
  </properties>
  <testcase name="customerLogin" classname="com.perficient.testCases.Desktop.purdy.Verify_Login_Page_with_valid_credentials" time="13.413"/>
  <testcase name="redirectToLoginPage" classname="com.perficient.testCases.Desktop.purdy.Verify_Login_Page_with_valid_credentials" time="13.907"/>
  <testcase name="homePageValidationAfterLogin" classname="com.perficient.testCases.Desktop.purdy.Verify_Login_Page_with_valid_credentials" time="14.486"/>
  <testcase name="afterSuite" classname="com.perficient.testCases.Desktop.purdy.Verify_Login_Page_with_valid_credentials" time="14.9">
    <failure message="java.io.FileNotFoundException: .\test-output\Report-Stage-TQA_Regression_Boost_1-2023.12.17_08.05.48.zip (The system cannot find the path specified)" type="net.lingala.zip4j.exception.ZipException">net.lingala.zip4j.exception.ZipException: java.io.FileNotFoundException: .\test-output\Report-Stage-TQA_Regression_Boost_1-2023.12.17_08.05.48.zip (The system cannot find the path specified)
Caused by: java.io.FileNotFoundException: .\test-output\Report-Stage-TQA_Regression_Boost_1-2023.12.17_08.05.48.zip (The system cannot find the path specified)
</failure>
    <system-err><![CDATA[[main] INFO com.perficient.testCases.Desktop.purdy.Verify_Login_Page_with_valid_credentials - homePageValidationAfterLogin : pass
[main] INFO com.perficient.util.TestData - Read test data file mailreport.properties
log4j:WARN No appenders could be found for logger (freemarker.cache).
log4j:WARN Please initialize the log4j system properly.
Dec 17, 2023 8:06:30 PM com.aventstack.extentreports.utils.Writer write
SEVERE: .\test-output\Report-Stage-TQA_Regression_Boost_1-2023.12.17_08.05.48.html
java.io.FileNotFoundException: .\test-output\Report-Stage-TQA_Regression_Boost_1-2023.12.17_08.05.48.html (The system cannot find the path specified)
	at java.base/java.io.FileOutputStream.open0(Native Method)
	at java.base/java.io.FileOutputStream.open(FileOutputStream.java:298)
	at java.base/java.io.FileOutputStream.<init>(FileOutputStream.java:237)
	at java.base/java.io.FileOutputStream.<init>(FileOutputStream.java:187)
	at java.base/java.io.FileWriter.<init>(FileWriter.java:96)
	at com.aventstack.extentreports.utils.Writer.write(Writer.java:22)
	at com.aventstack.extentreports.reporter.ExtentHtmlReporter.flush(ExtentHtmlReporter.java:130)
	at java.base/java.util.ArrayList.forEach(ArrayList.java:1541)
	at com.aventstack.extentreports.Report.notifyReporters(Report.java:165)
	at com.aventstack.extentreports.Report.flush(Report.java:122)
	at com.aventstack.extentreports.ExtentReports.flush(ExtentReports.java:257)
	at com.perficient.util.ComplexReportFactory.closeReport(ComplexReportFactory.java:128)
	at com.perficient.util.TestCaseBase.afterSuite(TestCaseBase.java:217)
	at java.base/jdk.internal.reflect.NativeMethodAccessorImpl.invoke0(Native Method)
	at java.base/jdk.internal.reflect.NativeMethodAccessorImpl.invoke(NativeMethodAccessorImpl.java:62)
	at java.base/jdk.internal.reflect.DelegatingMethodAccessorImpl.invoke(DelegatingMethodAccessorImpl.java:43)
	at java.base/java.lang.reflect.Method.invoke(Method.java:566)
	at org.testng.internal.invokers.MethodInvocationHelper.invokeMethod(MethodInvocationHelper.java:139)
	at org.testng.internal.invokers.MethodInvocationHelper.invokeMethodConsideringTimeout(MethodInvocationHelper.java:69)
	at org.testng.internal.invokers.ConfigInvoker.invokeConfigurationMethod(ConfigInvoker.java:390)
	at org.testng.internal.invokers.ConfigInvoker.invokeConfigurations(ConfigInvoker.java:325)
	at org.testng.SuiteRunner.privateRun(SuiteRunner.java:410)
	at org.testng.SuiteRunner.run(SuiteRunner.java:336)
	at org.testng.SuiteRunnerWorker.runSuite(SuiteRunnerWorker.java:52)
	at org.testng.SuiteRunnerWorker.run(SuiteRunnerWorker.java:95)
	at org.testng.TestNG.runSuitesSequentially(TestNG.java:1280)
	at org.testng.TestNG.runSuitesLocally(TestNG.java:1200)
	at org.testng.TestNG.runSuites(TestNG.java:1114)
	at org.testng.TestNG.run(TestNG.java:1082)
	at org.apache.maven.surefire.testng.TestNGExecutor.run(TestNGExecutor.java:283)
	at org.apache.maven.surefire.testng.TestNGXmlTestSuite.execute(TestNGXmlTestSuite.java:75)
	at org.apache.maven.surefire.testng.TestNGProvider.invoke(TestNGProvider.java:120)
	at org.apache.maven.surefire.booter.ForkedBooter.invokeProviderInSameClassLoader(ForkedBooter.java:384)
	at org.apache.maven.surefire.booter.ForkedBooter.runSuitesInProcess(ForkedBooter.java:345)
	at org.apache.maven.surefire.booter.ForkedBooter.execute(ForkedBooter.java:126)
	at org.apache.maven.surefire.booter.ForkedBooter.main(ForkedBooter.java:418)

Dec 17, 2023 8:06:30 PM com.aventstack.extentreports.utils.Writer write
SEVERE: .\test-output\Report-Stage-TQA_Regression_Boost_1-2023.12.17_08.05.48.html
java.io.FileNotFoundException: .\test-output\Report-Stage-TQA_Regression_Boost_1-2023.12.17_08.05.48.html (The system cannot find the path specified)
	at java.base/java.io.FileOutputStream.open0(Native Method)
	at java.base/java.io.FileOutputStream.open(FileOutputStream.java:298)
	at java.base/java.io.FileOutputStream.<init>(FileOutputStream.java:237)
	at java.base/java.io.FileOutputStream.<init>(FileOutputStream.java:187)
	at java.base/java.io.FileWriter.<init>(FileWriter.java:96)
	at com.aventstack.extentreports.utils.Writer.write(Writer.java:22)
	at com.aventstack.extentreports.reporter.ExtentHtmlReporter.flush(ExtentHtmlReporter.java:130)
	at java.base/java.util.ArrayList.forEach(ArrayList.java:1541)
	at com.aventstack.extentreports.Report.notifyReporters(Report.java:165)
	at com.aventstack.extentreports.Report.flush(Report.java:122)
	at com.aventstack.extentreports.ExtentReports.flush(ExtentReports.java:257)
	at com.aventstack.extentreports.Report.end(Report.java:169)
	at com.aventstack.extentreports.ExtentReports.close(ExtentReports.java:261)
	at com.perficient.util.ComplexReportFactory.closeReport(ComplexReportFactory.java:129)
	at com.perficient.util.TestCaseBase.afterSuite(TestCaseBase.java:217)
	at java.base/jdk.internal.reflect.NativeMethodAccessorImpl.invoke0(Native Method)
	at java.base/jdk.internal.reflect.NativeMethodAccessorImpl.invoke(NativeMethodAccessorImpl.java:62)
	at java.base/jdk.internal.reflect.DelegatingMethodAccessorImpl.invoke(DelegatingMethodAccessorImpl.java:43)
	at java.base/java.lang.reflect.Method.invoke(Method.java:566)
	at org.testng.internal.invokers.MethodInvocationHelper.invokeMethod(MethodInvocationHelper.java:139)
	at org.testng.internal.invokers.MethodInvocationHelper.invokeMethodConsideringTimeout(MethodInvocationHelper.java:69)
	at org.testng.internal.invokers.ConfigInvoker.invokeConfigurationMethod(ConfigInvoker.java:390)
	at org.testng.internal.invokers.ConfigInvoker.invokeConfigurations(ConfigInvoker.java:325)
	at org.testng.SuiteRunner.privateRun(SuiteRunner.java:410)
	at org.testng.SuiteRunner.run(SuiteRunner.java:336)
	at org.testng.SuiteRunnerWorker.runSuite(SuiteRunnerWorker.java:52)
	at org.testng.SuiteRunnerWorker.run(SuiteRunnerWorker.java:95)
	at org.testng.TestNG.runSuitesSequentially(TestNG.java:1280)
	at org.testng.TestNG.runSuitesLocally(TestNG.java:1200)
	at org.testng.TestNG.runSuites(TestNG.java:1114)
	at org.testng.TestNG.run(TestNG.java:1082)
	at org.apache.maven.surefire.testng.TestNGExecutor.run(TestNGExecutor.java:283)
	at org.apache.maven.surefire.testng.TestNGXmlTestSuite.execute(TestNGXmlTestSuite.java:75)
	at org.apache.maven.surefire.testng.TestNGProvider.invoke(TestNGProvider.java:120)
	at org.apache.maven.surefire.booter.ForkedBooter.invokeProviderInSameClassLoader(ForkedBooter.java:384)
	at org.apache.maven.surefire.booter.ForkedBooter.runSuitesInProcess(ForkedBooter.java:345)
	at org.apache.maven.surefire.booter.ForkedBooter.execute(ForkedBooter.java:126)
	at org.apache.maven.surefire.booter.ForkedBooter.main(ForkedBooter.java:418)

]]></system-err>
  </testcase>
  <testcase name="customerLogin" classname="com.perficient.testCases.Mobile.purdy.Verify_Login_Page_with_valid_credentials" time="13.027"/>
  <testcase name="redirectToLoginPage" classname="com.perficient.testCases.Mobile.purdy.Verify_Login_Page_with_valid_credentials" time="21.012"/>
  <testcase name="homePageValidationAfterLogin" classname="com.perficient.testCases.Mobile.purdy.Verify_Login_Page_with_valid_credentials" time="22.748"/>
  <testcase name="afterSuite" classname="com.perficient.testCases.Mobile.purdy.Verify_Login_Page_with_valid_credentials" time="22.765">
    <failure message="java.io.FileNotFoundException: .\test-output\Report-Stage-TQA_Regression_Boost_1-2023.12.17_08.05.48.zip (The system cannot find the path specified)" type="net.lingala.zip4j.exception.ZipException">net.lingala.zip4j.exception.ZipException: java.io.FileNotFoundException: .\test-output\Report-Stage-TQA_Regression_Boost_1-2023.12.17_08.05.48.zip (The system cannot find the path specified)
Caused by: java.io.FileNotFoundException: .\test-output\Report-Stage-TQA_Regression_Boost_1-2023.12.17_08.05.48.zip (The system cannot find the path specified)
</failure>
    <system-err><![CDATA[[main] INFO com.perficient.testCases.Mobile.purdy.Verify_Login_Page_with_valid_credentials - homePageValidationAfterLogin : pass
[main] INFO com.perficient.util.TestData - Read test data file mailreport.properties
]]></system-err>
  </testcase>
</testsuite>