<?xml version="1.0" encoding="UTF-8"?>
<!-- Generated by org.testng.reporters.JUnitReportReporter -->
<testsuite hostname="ZIL1280" failures="0" tests="2" name="com.perficient.testCases.Desktop.purdy.Verify_Login_Page_with_valid_credentials" time="14.477" errors="0" timestamp="2023-12-17T12:14:05 IST" skipped="0">
  <testcase classname="com.perficient.testCases.Desktop.purdy.Verify_Login_Page_with_valid_credentials" name="customerLogin" time="14.211"/>
  <testcase classname="com.perficient.testCases.Desktop.purdy.Verify_Login_Page_with_valid_credentials" name="redirectToLoginPage" time="0.266"/>
</testsuite> <!-- com.perficient.testCases.Desktop.purdy.Verify_Login_Page_with_valid_credentials -->
