<?xml version="1.0" encoding="UTF-8"?>
<!-- Generated by org.testng.reporters.JUnitReportReporter -->
<testsuite hostname="ZIL1280" failures="0" tests="4" name="com.perficient.testCases.Desktop.purdy.Verify_Login_Page_with_valid_credentials" time="42.367" errors="1" timestamp="2023-12-17T20:07:29 IST" skipped="0">
  <testcase classname="com.perficient.testCases.Desktop.purdy.Verify_Login_Page_with_valid_credentials" name="customerLogin" time="13.591"/>
  <testcase classname="com.perficient.testCases.Desktop.purdy.Verify_Login_Page_with_valid_credentials" name="afterSuite" time="0.381">
    <error message="java.io.FileNotFoundException: .\test-output\Report-Stage-TQA_Regression_Boost_1-2023.12.17_08.05.48.zip (The system cannot find the path specified)" type="net.lingala.zip4j.exception.ZipException">
      <![CDATA[net.lingala.zip4j.exception.ZipException: java.io.FileNotFoundException: .\test-output\Report-Stage-TQA_Regression_Boost_1-2023.12.17_08.05.48.zip (The system cannot find the path specified)
at net.lingala.zip4j.zip.ZipEngine.initAddFiles(ZipEngine.java:187)
at net.lingala.zip4j.zip.ZipEngine.addFiles(ZipEngine.java:85)
at net.lingala.zip4j.core.ZipFile.addFiles(ZipFile.java:292)
at net.lingala.zip4j.core.ZipFile.addFile(ZipFile.java:250)
at com.perficient.util.ZipAndMail.convertToZip(ZipAndMail.java:65)
at com.perficient.util.TestCaseBase.zipAndMail(TestCaseBase.java:1012)
at com.perficient.util.TestCaseBase.afterSuite(TestCaseBase.java:219)
at java.base/jdk.internal.reflect.NativeMethodAccessorImpl.invoke0(Native Method)
at java.base/jdk.internal.reflect.NativeMethodAccessorImpl.invoke(NativeMethodAccessorImpl.java:62)
at java.base/jdk.internal.reflect.DelegatingMethodAccessorImpl.invoke(DelegatingMethodAccessorImpl.java:43)
at java.base/java.lang.reflect.Method.invoke(Method.java:566)
at org.testng.internal.invokers.MethodInvocationHelper.invokeMethod(MethodInvocationHelper.java:139)
at org.testng.internal.invokers.MethodInvocationHelper.invokeMethodConsideringTimeout(MethodInvocationHelper.java:69)
at org.testng.internal.invokers.ConfigInvoker.invokeConfigurationMethod(ConfigInvoker.java:390)
at org.testng.internal.invokers.ConfigInvoker.invokeConfigurations(ConfigInvoker.java:325)
at org.testng.SuiteRunner.privateRun(SuiteRunner.java:410)
at org.testng.SuiteRunner.run(SuiteRunner.java:336)
at org.testng.SuiteRunnerWorker.runSuite(SuiteRunnerWorker.java:52)
at org.testng.SuiteRunnerWorker.run(SuiteRunnerWorker.java:95)
at org.testng.TestNG.runSuitesSequentially(TestNG.java:1280)
at org.testng.TestNG.runSuitesLocally(TestNG.java:1200)
at org.testng.TestNG.runSuites(TestNG.java:1114)
at org.testng.TestNG.run(TestNG.java:1082)
at org.apache.maven.surefire.testng.TestNGExecutor.run(TestNGExecutor.java:283)
at org.apache.maven.surefire.testng.TestNGXmlTestSuite.execute(TestNGXmlTestSuite.java:75)
at org.apache.maven.surefire.testng.TestNGProvider.invoke(TestNGProvider.java:120)
at org.apache.maven.surefire.booter.ForkedBooter.invokeProviderInSameClassLoader(ForkedBooter.java:384)
at org.apache.maven.surefire.booter.ForkedBooter.runSuitesInProcess(ForkedBooter.java:345)
at org.apache.maven.surefire.booter.ForkedBooter.execute(ForkedBooter.java:126)
at org.apache.maven.surefire.booter.ForkedBooter.main(ForkedBooter.java:418)
Caused by: java.io.FileNotFoundException: .\test-output\Report-Stage-TQA_Regression_Boost_1-2023.12.17_08.05.48.zip (The system cannot find the path specified)
at java.base/java.io.RandomAccessFile.open0(Native Method)
at java.base/java.io.RandomAccessFile.open(RandomAccessFile.java:346)
at java.base/java.io.RandomAccessFile.<init>(RandomAccessFile.java:260)
at java.base/java.io.RandomAccessFile.<init>(RandomAccessFile.java:215)
at net.lingala.zip4j.io.SplitOutputStream.<init>(SplitOutputStream.java:57)
at net.lingala.zip4j.zip.ZipEngine.initAddFiles(ZipEngine.java:113)
... 29 more
]]>
    </error>
  </testcase> <!-- afterSuite -->
  <testcase classname="com.perficient.testCases.Desktop.purdy.Verify_Login_Page_with_valid_credentials" name="redirectToLoginPage" time="13.908"/>
  <testcase classname="com.perficient.testCases.Desktop.purdy.Verify_Login_Page_with_valid_credentials" name="homePageValidationAfterLogin" time="14.487"/>
</testsuite> <!-- com.perficient.testCases.Desktop.purdy.Verify_Login_Page_with_valid_credentials -->
